Config:
{'eps': 0.001, 'eval_mode': True, 'lr': 0.0001, 'data_dir': 'DanceTrack', 'diffnet': 'HMINet', 'interval': 5, 'augment': True, 'encoder_dim': 256, 'tf_layer': 3, 'epochs': 800, 'batch_size': 2048, 'seed': 123, 'eval_every': 20, 'gpus': [0], 'eval_at': 800, 'det_dir': 'detections', 'info_dir': 'DanceTrack/test1', 'reid_dir': 'reid_embeddings', 'save_dir': 'results/yolov10n_diffmot', 'eval_expname': 'yolov10n_diffmot', 'dataset': 'dancetrack', 'high_thres': 0.6, 'low_thres': 0.4, 'w_assoc_emb': 2.2, 'aw_param': 1.7, 'preprocess_workers': 16, 'device': 'cuda', 'eval_device': 'None', 'config': 'configs/yolov10n_dancetrack.yaml', 'exp_name': 'yolov10n_dancetrack'}


Eval on:
dancetrack


Processing frame 10 (13.03 fps)
Processing frame 20 (25.99 fps)
Processing frame 30 (37.54 fps)
Processing frame 40 (47.88 fps)
Processing frame 50 (56.95 fps)
Processing frame 60 (65.13 fps)
Processing frame 70 (72.52 fps)
Processing frame 80 (79.29 fps)
Processing frame 90 (85.50 fps)
Processing frame 100 (91.20 fps)
Processing frame 110 (96.41 fps)
Processing frame 120 (101.26 fps)
Processing frame 130 (105.75 fps)
Processing frame 140 (109.77 fps)
Processing frame 150 (113.64 fps)
Processing frame 160 (117.11 fps)
Processing frame 170 (120.30 fps)
Processing frame 180 (123.32 fps)
Processing frame 190 (126.13 fps)
Processing frame 200 (128.85 fps)
Processing frame 210 (131.16 fps)
Processing frame 220 (133.50 fps)
Processing frame 230 (135.79 fps)
Processing frame 240 (138.06 fps)
Processing frame 250 (140.22 fps)
Processing frame 260 (142.15 fps)
Processing frame 270 (143.97 fps)
Processing frame 280 (145.85 fps)
Processing frame 290 (147.59 fps)
Processing frame 300 (149.32 fps)
Processing frame 310 (150.97 fps)
Processing frame 320 (152.46 fps)
Processing frame 330 (153.87 fps)
Processing frame 340 (155.17 fps)
Processing frame 350 (156.41 fps)
Processing frame 360 (157.63 fps)
Processing frame 370 (158.86 fps)
Processing frame 380 (160.08 fps)
Processing frame 390 (161.29 fps)
Processing frame 400 (162.43 fps)
Processing frame 410 (163.52 fps)
Processing frame 420 (164.56 fps)
Processing frame 430 (165.50 fps)
Processing frame 440 (166.47 fps)
Processing frame 450 (167.38 fps)
Processing frame 460 (168.28 fps)
Processing frame 470 (169.16 fps)
Processing frame 480 (170.05 fps)
Processing frame 490 (170.92 fps)
Processing frame 500 (171.57 fps)
Processing frame 510 (172.40 fps)
Processing frame 520 (173.18 fps)
Processing frame 530 (173.95 fps)
Processing frame 540 (174.74 fps)
Processing frame 550 (175.41 fps)
Processing frame 560 (176.07 fps)
Processing frame 570 (176.78 fps)
Processing frame 580 (177.40 fps)
Processing frame 590 (177.98 fps)
Processing frame 600 (178.57 fps)
Processing frame 610 (179.15 fps)
Processing frame 620 (179.71 fps)
Processing frame 630 (180.28 fps)
Processing frame 640 (180.89 fps)
Processing frame 650 (181.46 fps)
Processing frame 660 (182.04 fps)
Processing frame 670 (182.50 fps)
Processing frame 680 (183.01 fps)
Processing frame 690 (183.49 fps)
Processing frame 700 (183.96 fps)
Processing frame 710 (184.41 fps)
Processing frame 720 (184.83 fps)
Processing frame 730 (185.28 fps)
Processing frame 740 (185.68 fps)
Processing frame 750 (186.07 fps)
Processing frame 760 (186.38 fps)
Processing frame 770 (186.75 fps)
Processing frame 780 (187.09 fps)
Processing frame 790 (187.50 fps)
Processing frame 800 (187.82 fps)
Processing frame 810 (188.17 fps)
Processing frame 820 (188.54 fps)
Processing frame 830 (188.88 fps)
Processing frame 840 (189.24 fps)
Processing frame 850 (189.58 fps)
Processing frame 860 (189.91 fps)
Processing frame 870 (190.18 fps)
Processing frame 880 (190.46 fps)
Processing frame 890 (190.70 fps)
Processing frame 900 (190.92 fps)
Processing frame 910 (191.19 fps)
Processing frame 920 (191.47 fps)
Processing frame 930 (191.84 fps)
Processing frame 940 (192.10 fps)
Processing frame 950 (192.37 fps)
Processing frame 960 (192.64 fps)
Processing frame 970 (192.89 fps)
Processing frame 980 (193.14 fps)
Processing frame 990 (193.36 fps)
Processing frame 1000 (193.65 fps)
Processing frame 1010 (193.88 fps)
Processing frame 1020 (194.11 fps)
Processing frame 1030 (194.34 fps)
Processing frame 1040 (194.56 fps)
Processing frame 1050 (194.78 fps)
Processing frame 1060 (195.02 fps)
Processing frame 1070 (195.26 fps)
Processing frame 1080 (195.52 fps)
Processing frame 1090 (195.83 fps)
Processing frame 1100 (196.14 fps)
Processing frame 1110 (196.37 fps)
Processing frame 1120 (196.57 fps)
Processing frame 1130 (196.78 fps)
Processing frame 1140 (196.99 fps)
Processing frame 1150 (197.22 fps)
Processing frame 1160 (197.44 fps)
Processing frame 1170 (197.68 fps)
Processing frame 1180 (197.90 fps)
Processing frame 1190 (198.09 fps)
Processing frame 1200 (198.28 fps)
save results to results/yolov10n_diffmot/dancetrack0003.txt
Processing frame 10 (255.41 fps)
Processing frame 20 (253.49 fps)
Processing frame 30 (250.79 fps)
Processing frame 40 (248.20 fps)
Processing frame 50 (246.24 fps)
Processing frame 60 (246.53 fps)
Processing frame 70 (245.97 fps)
Processing frame 80 (246.46 fps)
Processing frame 90 (247.30 fps)
Processing frame 100 (248.00 fps)
Processing frame 110 (248.54 fps)
Processing frame 120 (248.19 fps)
Processing frame 130 (248.17 fps)
Processing frame 140 (248.01 fps)
