Config:
{'eps': 0.001, 'eval_mode': True, 'lr': 0.0001, 'data_dir': 'DanceTrack', 'diffnet': 'HMINet', 'interval': 5, 'augment': True, 'encoder_dim': 256, 'tf_layer': 3, 'epochs': 800, 'batch_size': 2048, 'seed': 123, 'eval_every': 20, 'gpus': [0], 'eval_at': 800, 'det_dir': 'detections', 'info_dir': 'DanceTrack/test1', 'reid_dir': 'reid_embeddings', 'save_dir': 'results/yolov10n_diffmot', 'eval_expname': 'yolov10n_diffmot', 'dataset': 'dancetrack', 'high_thres': 0.6, 'low_thres': 0.4, 'w_assoc_emb': 2.2, 'aw_param': 1.7, 'preprocess_workers': 16, 'device': 'cuda', 'eval_device': 'None', 'config': 'configs/yolov10n_dancetrack.yaml', 'exp_name': 'yolov10n_dancetrack'}


Eval on:
dancetrack


Processing frame 10 (12.57 fps)
Processing frame 20 (25.31 fps)
Processing frame 30 (36.87 fps)
Processing frame 40 (47.39 fps)
Processing frame 50 (56.82 fps)
Processing frame 60 (65.45 fps)
Processing frame 70 (73.38 fps)
Processing frame 80 (80.73 fps)
Processing frame 90 (87.54 fps)
Processing frame 100 (93.80 fps)
Processing frame 110 (99.64 fps)
Processing frame 120 (105.06 fps)
Processing frame 130 (110.16 fps)
Processing frame 140 (114.96 fps)
Processing frame 150 (119.55 fps)
Processing frame 160 (123.68 fps)
Processing frame 170 (127.64 fps)
Processing frame 180 (131.40 fps)
Processing frame 190 (134.94 fps)
Processing frame 200 (138.30 fps)
Processing frame 210 (141.46 fps)
Processing frame 220 (144.55 fps)
Processing frame 230 (147.38 fps)
Processing frame 240 (150.08 fps)
Processing frame 250 (152.69 fps)
Processing frame 260 (155.11 fps)
Processing frame 270 (157.48 fps)
Processing frame 280 (159.73 fps)
Processing frame 290 (161.94 fps)
Processing frame 300 (164.03 fps)
Processing frame 310 (166.03 fps)
Processing frame 320 (167.90 fps)
Processing frame 330 (169.64 fps)
Processing frame 340 (171.25 fps)
Processing frame 350 (172.78 fps)
Processing frame 360 (174.29 fps)
Processing frame 370 (175.82 fps)
Processing frame 380 (177.33 fps)
Processing frame 390 (178.81 fps)
Processing frame 400 (180.26 fps)
Processing frame 410 (181.65 fps)
Processing frame 420 (182.93 fps)
Processing frame 430 (184.06 fps)
Processing frame 440 (185.25 fps)
Processing frame 450 (186.41 fps)
Processing frame 460 (187.53 fps)
Processing frame 470 (188.60 fps)
Processing frame 480 (189.68 fps)
Processing frame 490 (190.74 fps)
Processing frame 500 (191.80 fps)
Processing frame 510 (192.84 fps)
Processing frame 520 (193.81 fps)
Processing frame 530 (194.84 fps)
Processing frame 540 (195.83 fps)
Processing frame 550 (196.71 fps)
Processing frame 560 (197.57 fps)
Processing frame 570 (198.44 fps)
Processing frame 580 (199.21 fps)
Processing frame 590 (199.94 fps)
Processing frame 600 (200.69 fps)
Processing frame 610 (201.42 fps)
Processing frame 620 (202.14 fps)
Processing frame 630 (202.87 fps)
Processing frame 640 (203.61 fps)
Processing frame 650 (204.37 fps)
Processing frame 660 (205.10 fps)
Processing frame 670 (205.70 fps)
Processing frame 680 (206.32 fps)
Processing frame 690 (206.95 fps)
Processing frame 700 (207.54 fps)
Processing frame 710 (208.11 fps)
Processing frame 720 (208.67 fps)
Processing frame 730 (209.24 fps)
Processing frame 740 (209.76 fps)
Processing frame 750 (210.26 fps)
Processing frame 760 (210.73 fps)
Processing frame 770 (211.22 fps)
Processing frame 780 (211.69 fps)
Processing frame 790 (212.21 fps)
Processing frame 800 (212.68 fps)
Processing frame 810 (213.14 fps)
Processing frame 820 (213.61 fps)
Processing frame 830 (214.05 fps)
Processing frame 840 (214.50 fps)
Processing frame 850 (214.90 fps)
Processing frame 860 (215.31 fps)
Processing frame 870 (215.65 fps)
Processing frame 880 (216.02 fps)
Processing frame 890 (216.23 fps)
Processing frame 900 (216.48 fps)
Processing frame 910 (216.73 fps)
Processing frame 920 (217.00 fps)
Processing frame 930 (217.36 fps)
Processing frame 940 (217.57 fps)
Processing frame 950 (217.80 fps)
Processing frame 960 (218.03 fps)
Processing frame 970 (218.25 fps)
Processing frame 980 (218.43 fps)
Processing frame 990 (218.63 fps)
Processing frame 1000 (218.87 fps)
Processing frame 1010 (219.07 fps)
Processing frame 1020 (219.26 fps)
Processing frame 1030 (219.45 fps)
Processing frame 1040 (219.61 fps)
Processing frame 1050 (219.78 fps)
Processing frame 1060 (219.98 fps)
Processing frame 1070 (220.16 fps)
Processing frame 1080 (220.38 fps)
Processing frame 1090 (220.68 fps)
Processing frame 1100 (220.95 fps)
Processing frame 1110 (221.15 fps)
Processing frame 1120 (221.35 fps)
Processing frame 1130 (221.50 fps)
Processing frame 1140 (221.66 fps)
Processing frame 1150 (221.84 fps)
Processing frame 1160 (222.04 fps)
Processing frame 1170 (222.25 fps)
Processing frame 1180 (222.46 fps)
Processing frame 1190 (222.61 fps)
Processing frame 1200 (222.77 fps)
save results to results/yolov10n_diffmot/dancetrack0003.txt
Processing frame 10 (282.47 fps)
Processing frame 20 (278.87 fps)
Processing frame 30 (275.60 fps)
Processing frame 40 (271.46 fps)
Processing frame 50 (268.72 fps)
Processing frame 60 (268.41 fps)
Processing frame 70 (267.24 fps)
Processing frame 80 (267.88 fps)
Processing frame 90 (268.62 fps)
Processing frame 100 (269.24 fps)
Processing frame 110 (269.88 fps)
Processing frame 120 (269.43 fps)
Processing frame 130 (269.13 fps)
Processing frame 140 (268.67 fps)
Processing frame 150 (268.93 fps)
Processing frame 160 (269.19 fps)
Processing frame 170 (269.86 fps)
Processing frame 180 (270.83 fps)
Processing frame 190 (271.56 fps)
Processing frame 200 (272.24 fps)
Processing frame 210 (272.88 fps)
Processing frame 220 (273.15 fps)
Processing frame 230 (273.87 fps)
Processing frame 240 (274.68 fps)
Processing frame 250 (275.19 fps)
Processing frame 260 (274.76 fps)
Processing frame 270 (274.69 fps)
Processing frame 280 (274.35 fps)
Processing frame 290 (274.10 fps)
Processing frame 300 (274.04 fps)
Processing frame 310 (273.79 fps)
Processing frame 320 (273.60 fps)
Processing frame 330 (273.75 fps)
Processing frame 340 (273.51 fps)
Processing frame 350 (273.47 fps)
Processing frame 360 (273.37 fps)
Processing frame 370 (273.44 fps)
Processing frame 380 (273.07 fps)
Processing frame 390 (272.88 fps)
Processing frame 400 (272.39 fps)
Processing frame 410 (271.91 fps)
Processing frame 420 (271.58 fps)
Processing frame 430 (271.17 fps)
Processing frame 440 (270.78 fps)
Processing frame 450 (270.25 fps)
Processing frame 460 (269.76 fps)
Processing frame 470 (269.20 fps)
Processing frame 480 (268.57 fps)
Processing frame 490 (268.00 fps)
Processing frame 500 (267.36 fps)
Processing frame 510 (266.88 fps)
Processing frame 520 (266.59 fps)
Processing frame 530 (266.34 fps)
Processing frame 540 (266.04 fps)
Processing frame 550 (265.81 fps)
Processing frame 560 (265.67 fps)
Processing frame 570 (265.59 fps)
Processing frame 580 (265.39 fps)
Processing frame 590 (265.23 fps)
Processing frame 600 (265.05 fps)
Processing frame 610 (264.73 fps)
Processing frame 620 (264.66 fps)
Processing frame 630 (264.65 fps)
Processing frame 640 (264.47 fps)
Processing frame 650 (264.35 fps)
Processing frame 660 (264.17 fps)
Processing frame 670 (263.95 fps)
Processing frame 680 (263.85 fps)
Processing frame 690 (263.78 fps)
Processing frame 700 (263.71 fps)
Processing frame 710 (263.66 fps)
Processing frame 720 (263.58 fps)
Processing frame 730 (263.55 fps)
Processing frame 740 (263.47 fps)
Processing frame 750 (263.35 fps)
Processing frame 760 (263.20 fps)
Processing frame 770 (263.09 fps)
Processing frame 780 (263.04 fps)
Processing frame 790 (263.02 fps)
Processing frame 800 (262.89 fps)
Processing frame 810 (262.92 fps)
Processing frame 820 (263.00 fps)
Processing frame 830 (263.14 fps)
Processing frame 840 (263.31 fps)
Processing frame 850 (263.21 fps)
Processing frame 860 (263.17 fps)
Processing frame 870 (263.09 fps)
Processing frame 880 (263.06 fps)
Processing frame 890 (262.97 fps)
Processing frame 900 (263.00 fps)
Processing frame 910 (263.02 fps)
Processing frame 920 (263.03 fps)
Processing frame 930 (262.94 fps)
Processing frame 940 (262.82 fps)
Processing frame 950 (262.70 fps)
Processing frame 960 (262.56 fps)
Processing frame 970 (262.56 fps)
Processing frame 980 (262.38 fps)
Processing frame 990 (262.04 fps)
Processing frame 1000 (261.73 fps)
Processing frame 1010 (261.36 fps)
Processing frame 1020 (261.07 fps)
Processing frame 1030 (260.81 fps)
Processing frame 1040 (260.68 fps)
Processing frame 1050 (260.51 fps)
Processing frame 1060 (260.32 fps)
Processing frame 1070 (260.19 fps)
Processing frame 1080 (259.95 fps)
Processing frame 1090 (259.75 fps)
Processing frame 1100 (259.57 fps)
Processing frame 1110 (259.41 fps)
Processing frame 1120 (259.30 fps)
Processing frame 1130 (259.26 fps)
Processing frame 1140 (259.21 fps)
Processing frame 1150 (259.30 fps)
Processing frame 1160 (259.35 fps)
Processing frame 1170 (259.28 fps)
Processing frame 1180 (259.23 fps)
Processing frame 1190 (259.16 fps)
Processing frame 1200 (259.13 fps)
save results to results/yolov10n_diffmot/dancetrack0009.txt
Processing frame 10 (253.83 fps)
Processing frame 20 (255.16 fps)
Processing frame 30 (256.23 fps)
Processing frame 40 (256.10 fps)
Processing frame 50 (255.44 fps)
Processing frame 60 (253.25 fps)
Processing frame 70 (252.63 fps)
Processing frame 80 (252.82 fps)
Processing frame 90 (253.16 fps)
Processing frame 100 (253.16 fps)
Processing frame 110 (253.75 fps)
Processing frame 120 (253.91 fps)
Processing frame 130 (254.13 fps)
Processing frame 140 (254.54 fps)
Processing frame 150 (254.77 fps)
Processing frame 160 (254.83 fps)
Processing frame 170 (254.37 fps)
Processing frame 180 (254.28 fps)
Processing frame 190 (254.16 fps)
Processing frame 200 (253.86 fps)
Processing frame 210 (253.74 fps)
Processing frame 220 (253.89 fps)
Processing frame 230 (254.33 fps)
Processing frame 240 (254.38 fps)
Processing frame 250 (254.65 fps)
Processing frame 260 (255.00 fps)
Processing frame 270 (255.63 fps)
Processing frame 280 (256.49 fps)
Processing frame 290 (257.33 fps)
Processing frame 300 (258.15 fps)
Processing frame 310 (258.82 fps)
Processing frame 320 (259.34 fps)
Processing frame 330 (260.04 fps)
Processing frame 340 (260.77 fps)
Processing frame 350 (261.62 fps)
Processing frame 360 (262.36 fps)
Processing frame 370 (263.35 fps)
Processing frame 380 (264.32 fps)
Processing frame 390 (265.12 fps)
Processing frame 400 (265.65 fps)
Processing frame 410 (266.03 fps)
Processing frame 420 (266.42 fps)
Processing frame 430 (266.75 fps)
Processing frame 440 (267.01 fps)
Processing frame 450 (267.27 fps)
Processing frame 460 (267.59 fps)
Processing frame 470 (267.89 fps)
Processing frame 480 (268.05 fps)
Processing frame 490 (268.20 fps)
Processing frame 500 (268.27 fps)
Processing frame 510 (268.33 fps)
Processing frame 520 (268.46 fps)
Processing frame 530 (268.70 fps)
Processing frame 540 (268.94 fps)
Processing frame 550 (269.18 fps)
Processing frame 560 (269.59 fps)
Processing frame 570 (269.96 fps)
Processing frame 580 (270.30 fps)
Processing frame 590 (270.54 fps)
Processing frame 600 (270.69 fps)
Processing frame 610 (270.78 fps)
Processing frame 620 (270.94 fps)
Processing frame 630 (271.26 fps)
Processing frame 640 (271.58 fps)
Processing frame 650 (271.83 fps)
Processing frame 660 (271.89 fps)
Processing frame 670 (271.96 fps)
Processing frame 680 (272.08 fps)
Processing frame 690 (272.22 fps)
Processing frame 700 (272.31 fps)
Processing frame 710 (272.41 fps)
Processing frame 720 (272.39 fps)
Processing frame 730 (272.38 fps)
Processing frame 740 (272.38 fps)
Processing frame 750 (272.44 fps)
Processing frame 760 (272.45 fps)
Processing frame 770 (272.52 fps)
Processing frame 780 (272.56 fps)
Processing frame 790 (272.59 fps)
Processing frame 800 (272.69 fps)
Processing frame 810 (272.77 fps)
Processing frame 820 (272.84 fps)
Processing frame 830 (272.88 fps)
Processing frame 840 (272.92 fps)
Processing frame 850 (272.93 fps)
Processing frame 860 (272.97 fps)
Processing frame 870 (272.94 fps)
Processing frame 880 (272.98 fps)
Processing frame 890 (273.05 fps)
Processing frame 900 (273.10 fps)
Processing frame 910 (273.17 fps)
Processing frame 920 (273.26 fps)
Processing frame 930 (273.32 fps)
Processing frame 940 (273.43 fps)
Processing frame 950 (273.53 fps)
Processing frame 960 (273.61 fps)
Processing frame 970 (273.65 fps)
Processing frame 980 (273.62 fps)
Processing frame 990 (273.62 fps)
Processing frame 1000 (273.62 fps)
Processing frame 1010 (273.67 fps)
Processing frame 1020 (273.73 fps)
Processing frame 1030 (273.70 fps)
Processing frame 1040 (273.71 fps)
Processing frame 1050 (273.67 fps)
Processing frame 1060 (273.64 fps)
Processing frame 1070 (273.58 fps)
Processing frame 1080 (273.54 fps)
Processing frame 1090 (273.52 fps)
Processing frame 1100 (273.48 fps)
Processing frame 1110 (273.48 fps)
Processing frame 1120 (273.45 fps)
Processing frame 1130 (273.42 fps)
Processing frame 1140 (273.42 fps)
Processing frame 1150 (273.45 fps)
Processing frame 1160 (273.45 fps)
Processing frame 1170 (273.41 fps)
Processing frame 1180 (273.39 fps)
Processing frame 1190 (273.36 fps)
Processing frame 1200 (273.35 fps)
save results to results/yolov10n_diffmot/dancetrack0011.txt
Processing frame 10 (288.63 fps)
Processing frame 20 (286.83 fps)
Processing frame 30 (286.64 fps)
Processing frame 40 (286.70 fps)
Processing frame 50 (286.66 fps)
Processing frame 60 (286.54 fps)
Processing frame 70 (286.23 fps)
Processing frame 80 (285.46 fps)
Processing frame 90 (285.35 fps)
Processing frame 100 (285.27 fps)
Processing frame 110 (285.31 fps)
Processing frame 120 (285.05 fps)
Processing frame 130 (285.01 fps)
Processing frame 140 (284.95 fps)
Processing frame 150 (285.02 fps)
Processing frame 160 (285.12 fps)
Processing frame 170 (285.20 fps)
Processing frame 180 (284.97 fps)
Processing frame 190 (284.80 fps)
Processing frame 200 (284.96 fps)
Processing frame 210 (285.31 fps)
Processing frame 220 (285.63 fps)
Processing frame 230 (286.26 fps)
Processing frame 240 (287.23 fps)
Processing frame 250 (288.05 fps)
Processing frame 260 (288.90 fps)
Processing frame 270 (289.72 fps)
Processing frame 280 (290.07 fps)
Processing frame 290 (289.99 fps)
Processing frame 300 (289.63 fps)
Processing frame 310 (289.37 fps)
Processing frame 320 (289.15 fps)
Processing frame 330 (289.17 fps)
Processing frame 340 (289.23 fps)
Processing frame 350 (288.99 fps)
Processing frame 360 (288.82 fps)
Processing frame 370 (288.57 fps)
Processing frame 380 (288.41 fps)
Processing frame 390 (288.25 fps)
Processing frame 400 (288.02 fps)
Processing frame 410 (287.81 fps)
Processing frame 420 (287.64 fps)
Processing frame 430 (287.45 fps)
Processing frame 440 (287.27 fps)
Processing frame 450 (287.05 fps)
Processing frame 460 (286.86 fps)
Processing frame 470 (286.69 fps)
Processing frame 480 (286.54 fps)
Processing frame 490 (286.34 fps)
Processing frame 500 (285.88 fps)
Processing frame 510 (285.35 fps)
Processing frame 520 (284.83 fps)
Processing frame 530 (284.37 fps)
Processing frame 540 (284.32 fps)
Processing frame 550 (284.30 fps)
Processing frame 560 (284.27 fps)
Processing frame 570 (284.34 fps)
Processing frame 580 (284.50 fps)
Processing frame 590 (284.65 fps)
Processing frame 600 (284.79 fps)
Processing frame 610 (284.91 fps)
Processing frame 620 (284.93 fps)
Processing frame 630 (285.05 fps)
Processing frame 640 (285.13 fps)
Processing frame 650 (285.19 fps)
Processing frame 660 (285.20 fps)
Processing frame 670 (285.25 fps)
Processing frame 680 (285.32 fps)
Processing frame 690 (285.38 fps)
Processing frame 700 (285.39 fps)
Processing frame 710 (285.43 fps)
Processing frame 720 (285.47 fps)
Processing frame 730 (285.49 fps)
Processing frame 740 (285.54 fps)
Processing frame 750 (285.56 fps)
Processing frame 760 (285.62 fps)
Processing frame 770 (285.60 fps)
Processing frame 780 (285.60 fps)
Processing frame 790 (285.61 fps)
Processing frame 800 (285.64 fps)
Processing frame 810 (285.66 fps)
Processing frame 820 (285.58 fps)
Processing frame 830 (285.52 fps)
Processing frame 840 (285.52 fps)
Processing frame 850 (285.44 fps)
Processing frame 860 (285.36 fps)
Processing frame 870 (285.31 fps)
Processing frame 880 (285.29 fps)
Processing frame 890 (285.26 fps)
Processing frame 900 (285.23 fps)
Processing frame 910 (285.19 fps)
Processing frame 920 (285.10 fps)
Processing frame 930 (285.02 fps)
Processing frame 940 (284.98 fps)
Processing frame 950 (284.95 fps)
Processing frame 960 (284.99 fps)
Processing frame 970 (285.11 fps)
Processing frame 980 (285.29 fps)
Processing frame 990 (285.44 fps)
Processing frame 1000 (285.46 fps)
Processing frame 1010 (285.49 fps)
Processing frame 1020 (285.52 fps)
Processing frame 1030 (285.66 fps)
Processing frame 1040 (285.83 fps)
Processing frame 1050 (285.93 fps)
Processing frame 1060 (285.96 fps)
Processing frame 1070 (285.81 fps)
Processing frame 1080 (285.78 fps)
Processing frame 1090 (285.74 fps)
Processing frame 1100 (285.69 fps)
Processing frame 1110 (285.64 fps)
Processing frame 1120 (285.59 fps)
Processing frame 1130 (285.52 fps)
Processing frame 1140 (285.46 fps)
Processing frame 1150 (285.42 fps)
Processing frame 1160 (285.37 fps)
Processing frame 1170 (285.30 fps)
Processing frame 1180 (285.32 fps)
Processing frame 1190 (285.25 fps)
Processing frame 1200 (285.24 fps)
save results to results/yolov10n_diffmot/dancetrack0013.txt
Processing frame 10 (266.00 fps)
Processing frame 20 (272.46 fps)
Processing frame 30 (270.97 fps)
Processing frame 40 (272.22 fps)
Processing frame 50 (272.74 fps)
Processing frame 60 (272.61 fps)
Processing frame 70 (272.90 fps)
Processing frame 80 (272.78 fps)
Processing frame 90 (272.63 fps)
Processing frame 100 (272.62 fps)
Processing frame 110 (272.60 fps)
Processing frame 120 (272.56 fps)
Processing frame 130 (272.17 fps)
Processing frame 140 (271.85 fps)
Processing frame 150 (271.33 fps)
Processing frame 160 (270.56 fps)
Processing frame 170 (270.00 fps)
Processing frame 180 (269.86 fps)
Processing frame 190 (269.72 fps)
Processing frame 200 (269.58 fps)
Processing frame 210 (269.49 fps)
Processing frame 220 (269.41 fps)
Processing frame 230 (269.34 fps)
Processing frame 240 (269.19 fps)
Processing frame 250 (268.96 fps)
Processing frame 260 (268.72 fps)
Processing frame 270 (268.36 fps)
Processing frame 280 (268.18 fps)
Processing frame 290 (267.85 fps)
Processing frame 300 (267.82 fps)
Processing frame 310 (267.86 fps)
Processing frame 320 (267.86 fps)
Processing frame 330 (267.87 fps)
Processing frame 340 (267.88 fps)
Processing frame 350 (267.86 fps)
Processing frame 360 (267.78 fps)
Processing frame 370 (267.55 fps)
Processing frame 380 (267.40 fps)
Processing frame 390 (267.24 fps)
Processing frame 400 (267.06 fps)
Processing frame 410 (266.93 fps)
Processing frame 420 (266.77 fps)
Processing frame 430 (266.61 fps)
Processing frame 440 (266.48 fps)
Processing frame 450 (266.47 fps)
Processing frame 460 (266.38 fps)
Processing frame 470 (266.14 fps)
Processing frame 480 (265.89 fps)
Processing frame 490 (265.55 fps)
Processing frame 500 (265.33 fps)
Processing frame 510 (265.27 fps)
Processing frame 520 (265.30 fps)
Processing frame 530 (265.33 fps)
Processing frame 540 (265.38 fps)
Processing frame 550 (265.41 fps)
Processing frame 560 (265.47 fps)
Processing frame 570 (265.36 fps)
Processing frame 580 (265.31 fps)
Processing frame 590 (265.14 fps)
Processing frame 600 (264.88 fps)
Processing frame 610 (264.52 fps)
Processing frame 620 (264.11 fps)
Processing frame 630 (263.70 fps)
Processing frame 640 (263.37 fps)
Processing frame 650 (263.06 fps)
Processing frame 660 (262.80 fps)
Processing frame 670 (262.52 fps)
Processing frame 680 (262.24 fps)
Processing frame 690 (261.93 fps)
Processing frame 700 (261.67 fps)
Processing frame 710 (261.44 fps)
Processing frame 720 (261.19 fps)
Processing frame 730 (260.89 fps)
Processing frame 740 (260.63 fps)
Processing frame 750 (260.34 fps)
Processing frame 760 (260.02 fps)
Processing frame 770 (259.64 fps)
Processing frame 780 (259.35 fps)
Processing frame 790 (259.04 fps)
Processing frame 800 (258.82 fps)
Processing frame 810 (258.48 fps)
Processing frame 820 (258.20 fps)
Processing frame 830 (257.93 fps)
Processing frame 840 (257.67 fps)
Processing frame 850 (257.38 fps)
Processing frame 860 (257.11 fps)
Processing frame 870 (256.84 fps)
Processing frame 880 (256.56 fps)
Processing frame 890 (256.36 fps)
Processing frame 900 (256.19 fps)
Processing frame 910 (256.08 fps)
Processing frame 920 (255.91 fps)
Processing frame 930 (255.78 fps)
Processing frame 940 (255.60 fps)
Processing frame 950 (255.48 fps)
Processing frame 960 (255.37 fps)
Processing frame 970 (255.28 fps)
Processing frame 980 (255.19 fps)
Processing frame 990 (255.05 fps)
Processing frame 1000 (254.93 fps)
Processing frame 1010 (254.80 fps)
Processing frame 1020 (254.70 fps)
Processing frame 1030 (254.57 fps)
Processing frame 1040 (254.42 fps)
Processing frame 1050 (254.19 fps)
Processing frame 1060 (253.99 fps)
Processing frame 1070 (253.84 fps)
Processing frame 1080 (253.66 fps)
Processing frame 1090 (253.53 fps)
Processing frame 1100 (253.41 fps)
Processing frame 1110 (253.27 fps)
Processing frame 1120 (253.11 fps)
Processing frame 1130 (252.97 fps)
Processing frame 1140 (252.81 fps)
Processing frame 1150 (252.64 fps)
Processing frame 1160 (252.33 fps)
Processing frame 1170 (252.16 fps)
Processing frame 1180 (251.98 fps)
Processing frame 1190 (251.82 fps)
Processing frame 1200 (251.68 fps)
Processing frame 1210 (251.54 fps)
Processing frame 1220 (251.41 fps)
Processing frame 1230 (251.29 fps)
Processing frame 1240 (251.21 fps)
Processing frame 1250 (251.10 fps)
Processing frame 1260 (250.96 fps)
Processing frame 1270 (250.81 fps)
Processing frame 1280 (250.61 fps)
Processing frame 1290 (250.49 fps)
Processing frame 1300 (250.37 fps)
Processing frame 1310 (250.30 fps)
Processing frame 1320 (250.23 fps)
Processing frame 1330 (250.14 fps)
Processing frame 1340 (250.10 fps)
Processing frame 1350 (249.99 fps)
Processing frame 1360 (249.86 fps)
Processing frame 1370 (249.96 fps)
Processing frame 1380 (250.07 fps)
Processing frame 1390 (250.18 fps)
Processing frame 1400 (250.28 fps)
Processing frame 1410 (250.37 fps)
Processing frame 1420 (250.45 fps)
Processing frame 1430 (250.53 fps)
Processing frame 1440 (250.60 fps)
Processing frame 1450 (250.68 fps)
Processing frame 1460 (250.75 fps)
Processing frame 1470 (250.82 fps)
Processing frame 1480 (250.87 fps)
Processing frame 1490 (250.92 fps)
Processing frame 1500 (250.97 fps)
Processing frame 1510 (251.04 fps)
Processing frame 1520 (251.10 fps)
Processing frame 1530 (251.16 fps)
Processing frame 1540 (251.20 fps)
Processing frame 1550 (251.26 fps)
Processing frame 1560 (251.33 fps)
Processing frame 1570 (251.42 fps)
Processing frame 1580 (251.50 fps)
Processing frame 1590 (251.60 fps)
Processing frame 1600 (251.71 fps)
save results to results/yolov10n_diffmot/dancetrack0017.txt
Processing frame 10 (249.59 fps)
Processing frame 20 (244.09 fps)
Processing frame 30 (241.76 fps)
Processing frame 40 (240.10 fps)
Processing frame 50 (239.15 fps)
Processing frame 60 (238.75 fps)
Processing frame 70 (238.29 fps)
Processing frame 80 (237.92 fps)
Processing frame 90 (237.81 fps)
Processing frame 100 (236.91 fps)
Processing frame 110 (236.93 fps)
Processing frame 120 (237.20 fps)
Processing frame 130 (237.14 fps)
Processing frame 140 (237.17 fps)
Processing frame 150 (237.45 fps)
Processing frame 160 (237.45 fps)
Processing frame 170 (237.59 fps)
Processing frame 180 (237.71 fps)
Processing frame 190 (237.71 fps)
Processing frame 200 (238.14 fps)
Processing frame 210 (238.55 fps)
Processing frame 220 (238.48 fps)
Processing frame 230 (238.20 fps)
Processing frame 240 (237.66 fps)
Processing frame 250 (237.62 fps)
Processing frame 260 (237.58 fps)
Processing frame 270 (237.50 fps)
Processing frame 280 (237.22 fps)
Processing frame 290 (236.75 fps)
Processing frame 300 (236.20 fps)
Processing frame 310 (235.34 fps)
Processing frame 320 (234.86 fps)
Processing frame 330 (234.30 fps)
Processing frame 340 (234.02 fps)
Processing frame 350 (233.72 fps)
Processing frame 360 (233.41 fps)
Processing frame 370 (233.17 fps)
Processing frame 380 (233.06 fps)
Processing frame 390 (233.03 fps)
Processing frame 400 (232.93 fps)
Processing frame 410 (232.96 fps)
Processing frame 420 (233.02 fps)
Processing frame 430 (233.06 fps)
Processing frame 440 (233.08 fps)
Processing frame 450 (233.07 fps)
Processing frame 460 (233.11 fps)
Processing frame 470 (233.17 fps)
Processing frame 480 (233.06 fps)
Processing frame 490 (232.92 fps)
Processing frame 500 (232.72 fps)
Processing frame 510 (232.66 fps)
Processing frame 520 (232.51 fps)
Processing frame 530 (232.24 fps)
Processing frame 540 (232.24 fps)
Processing frame 550 (231.82 fps)
Processing frame 560 (231.47 fps)
Processing frame 570 (231.14 fps)
Processing frame 580 (230.97 fps)
Processing frame 590 (230.84 fps)
Processing frame 600 (230.84 fps)
Processing frame 610 (230.87 fps)
Processing frame 620 (230.81 fps)
Processing frame 630 (230.67 fps)
Processing frame 640 (230.72 fps)
Processing frame 650 (230.93 fps)
Processing frame 660 (231.13 fps)
Processing frame 670 (231.35 fps)
Processing frame 680 (231.72 fps)
Processing frame 690 (232.00 fps)
Processing frame 700 (232.28 fps)
Processing frame 710 (232.55 fps)
Processing frame 720 (232.73 fps)
Processing frame 730 (232.89 fps)
Processing frame 740 (233.02 fps)
Processing frame 750 (233.09 fps)
Processing frame 760 (233.06 fps)
Processing frame 770 (233.12 fps)
Processing frame 780 (233.20 fps)
Processing frame 790 (233.28 fps)
Processing frame 800 (233.48 fps)
Processing frame 810 (233.65 fps)
Processing frame 820 (233.85 fps)
Processing frame 830 (234.07 fps)
Processing frame 840 (234.29 fps)
Processing frame 850 (234.50 fps)
Processing frame 860 (234.64 fps)
Processing frame 870 (234.68 fps)
Processing frame 880 (234.70 fps)
Processing frame 890 (234.75 fps)
Processing frame 900 (234.78 fps)
Processing frame 910 (234.80 fps)
Processing frame 920 (234.87 fps)
Processing frame 930 (234.96 fps)
Processing frame 940 (235.04 fps)
Processing frame 950 (235.12 fps)
Processing frame 960 (235.17 fps)
Processing frame 970 (235.22 fps)
Processing frame 980 (235.30 fps)
Processing frame 990 (235.37 fps)
Processing frame 1000 (235.43 fps)
Processing frame 1010 (235.48 fps)
Processing frame 1020 (235.55 fps)
Processing frame 1030 (235.60 fps)
Processing frame 1040 (235.65 fps)
Processing frame 1050 (235.67 fps)
Processing frame 1060 (235.71 fps)
Processing frame 1070 (235.78 fps)
Processing frame 1080 (235.79 fps)
Processing frame 1090 (235.82 fps)
Processing frame 1100 (235.79 fps)
Processing frame 1110 (235.67 fps)
Processing frame 1120 (235.56 fps)
Processing frame 1130 (235.47 fps)
Processing frame 1140 (235.41 fps)
Processing frame 1150 (235.41 fps)
Processing frame 1160 (235.40 fps)
Processing frame 1170 (235.37 fps)
Processing frame 1180 (235.37 fps)
Processing frame 1190 (235.38 fps)
Processing frame 1200 (235.40 fps)
save results to results/yolov10n_diffmot/dancetrack0021.txt
Processing frame 10 (252.59 fps)
Processing frame 20 (248.92 fps)
Processing frame 30 (249.14 fps)
Processing frame 40 (248.80 fps)
Processing frame 50 (248.92 fps)
Processing frame 60 (248.96 fps)
Processing frame 70 (248.99 fps)
Processing frame 80 (249.18 fps)
Processing frame 90 (249.26 fps)
Processing frame 100 (248.65 fps)
Processing frame 110 (248.25 fps)
Processing frame 120 (248.07 fps)
Processing frame 130 (248.39 fps)
Processing frame 140 (248.38 fps)
Processing frame 150 (247.62 fps)
Processing frame 160 (246.54 fps)
Processing frame 170 (245.52 fps)
Processing frame 180 (244.67 fps)
Processing frame 190 (244.26 fps)
Processing frame 200 (243.85 fps)
Processing frame 210 (243.80 fps)
Processing frame 220 (243.62 fps)
Processing frame 230 (243.53 fps)
Processing frame 240 (243.63 fps)
Processing frame 250 (243.89 fps)
Processing frame 260 (243.95 fps)
Processing frame 270 (243.96 fps)
Processing frame 280 (243.86 fps)
Processing frame 290 (243.76 fps)
Processing frame 300 (243.72 fps)
Processing frame 310 (243.74 fps)
Processing frame 320 (243.61 fps)
Processing frame 330 (243.62 fps)
Processing frame 340 (243.74 fps)
Processing frame 350 (243.71 fps)
Processing frame 360 (243.77 fps)
Processing frame 370 (243.77 fps)
Processing frame 380 (243.77 fps)
Processing frame 390 (243.75 fps)
Processing frame 400 (243.70 fps)
Processing frame 410 (243.67 fps)
Processing frame 420 (243.67 fps)
Processing frame 430 (243.73 fps)
Processing frame 440 (243.69 fps)
Processing frame 450 (243.67 fps)
Processing frame 460 (243.69 fps)
Processing frame 470 (243.68 fps)
Processing frame 480 (243.65 fps)
Processing frame 490 (243.64 fps)
Processing frame 500 (243.68 fps)
Processing frame 510 (243.77 fps)
Processing frame 520 (243.86 fps)
Processing frame 530 (243.98 fps)
Processing frame 540 (244.16 fps)
Processing frame 550 (244.26 fps)
Processing frame 560 (244.23 fps)
Processing frame 570 (244.21 fps)
Processing frame 580 (244.20 fps)
Processing frame 590 (244.16 fps)
Processing frame 600 (244.18 fps)
Processing frame 610 (244.09 fps)
Processing frame 620 (244.01 fps)
Processing frame 630 (243.89 fps)
Processing frame 640 (243.80 fps)
Processing frame 650 (243.73 fps)
Processing frame 660 (243.60 fps)
Processing frame 670 (243.51 fps)
Processing frame 680 (243.41 fps)
Processing frame 690 (243.36 fps)
Processing frame 700 (243.38 fps)
Processing frame 710 (243.40 fps)
Processing frame 720 (243.45 fps)
Processing frame 730 (243.42 fps)
Processing frame 740 (243.47 fps)
Processing frame 750 (243.57 fps)
Processing frame 760 (243.71 fps)
Processing frame 770 (243.78 fps)
Processing frame 780 (243.83 fps)
Processing frame 790 (243.82 fps)
Processing frame 800 (243.81 fps)
Processing frame 810 (243.77 fps)
Processing frame 820 (243.69 fps)
Processing frame 830 (243.62 fps)
Processing frame 840 (243.56 fps)
Processing frame 850 (243.50 fps)
Processing frame 860 (243.45 fps)
Processing frame 870 (243.38 fps)
Processing frame 880 (243.39 fps)
Processing frame 890 (243.37 fps)
Processing frame 900 (243.40 fps)
Processing frame 910 (243.44 fps)
Processing frame 920 (243.39 fps)
Processing frame 930 (243.33 fps)
Processing frame 940 (243.22 fps)
Processing frame 950 (243.07 fps)
Processing frame 960 (242.95 fps)
Processing frame 970 (242.91 fps)
Processing frame 980 (243.01 fps)
Processing frame 990 (243.14 fps)
Processing frame 1000 (243.22 fps)
Processing frame 1010 (243.29 fps)
Processing frame 1020 (243.35 fps)
Processing frame 1030 (243.37 fps)
Processing frame 1040 (243.40 fps)
Processing frame 1050 (243.44 fps)
Processing frame 1060 (243.42 fps)
Processing frame 1070 (243.46 fps)
Processing frame 1080 (243.50 fps)
Processing frame 1090 (243.52 fps)
Processing frame 1100 (243.56 fps)
Processing frame 1110 (243.58 fps)
Processing frame 1120 (243.62 fps)
Processing frame 1130 (243.65 fps)
Processing frame 1140 (243.69 fps)
Processing frame 1150 (243.70 fps)
Processing frame 1160 (243.67 fps)
Processing frame 1170 (243.73 fps)
Processing frame 1180 (243.74 fps)
Processing frame 1190 (243.69 fps)
Processing frame 1200 (243.56 fps)
save results to results/yolov10n_diffmot/dancetrack0022.txt
Processing frame 10 (272.16 fps)
Processing frame 20 (260.45 fps)
Processing frame 30 (252.40 fps)
Processing frame 40 (249.11 fps)
Processing frame 50 (246.05 fps)
Processing frame 60 (243.66 fps)
Processing frame 70 (242.16 fps)
Processing frame 80 (243.20 fps)
Processing frame 90 (245.12 fps)
Processing frame 100 (245.47 fps)
Processing frame 110 (244.97 fps)
Processing frame 120 (244.47 fps)
Processing frame 130 (244.79 fps)
Processing frame 140 (244.44 fps)
Processing frame 150 (244.29 fps)
Processing frame 160 (243.95 fps)
Processing frame 170 (243.87 fps)
Processing frame 180 (243.73 fps)
Processing frame 190 (243.15 fps)
Processing frame 200 (242.23 fps)
Processing frame 210 (241.22 fps)
Processing frame 220 (240.67 fps)
Processing frame 230 (240.18 fps)
Processing frame 240 (239.69 fps)
Processing frame 250 (239.12 fps)
Processing frame 260 (238.34 fps)
Processing frame 270 (237.65 fps)
Processing frame 280 (236.60 fps)
Processing frame 290 (235.60 fps)
Processing frame 300 (235.02 fps)
Processing frame 310 (234.63 fps)
Processing frame 320 (234.33 fps)
Processing frame 330 (234.16 fps)
Processing frame 340 (234.36 fps)
Processing frame 350 (233.84 fps)
Processing frame 360 (233.16 fps)
Processing frame 370 (232.71 fps)
Processing frame 380 (232.19 fps)
Processing frame 390 (231.41 fps)
Processing frame 400 (230.73 fps)
Processing frame 410 (230.23 fps)
Processing frame 420 (229.98 fps)
Processing frame 430 (229.80 fps)
Processing frame 440 (229.74 fps)
Processing frame 450 (229.64 fps)
Processing frame 460 (229.52 fps)
Processing frame 470 (229.37 fps)
Processing frame 480 (229.20 fps)
Processing frame 490 (228.94 fps)
Processing frame 500 (228.60 fps)
Processing frame 510 (228.63 fps)
Processing frame 520 (228.56 fps)
Processing frame 530 (228.48 fps)
Processing frame 540 (228.46 fps)
Processing frame 550 (228.29 fps)
Processing frame 560 (228.03 fps)
Processing frame 570 (227.77 fps)
Processing frame 580 (227.51 fps)
Processing frame 590 (227.35 fps)
Processing frame 600 (227.29 fps)
Processing frame 610 (227.28 fps)
Processing frame 620 (227.30 fps)
Processing frame 630 (227.32 fps)
Processing frame 640 (227.49 fps)
Processing frame 650 (227.37 fps)
Processing frame 660 (227.33 fps)
Processing frame 670 (227.39 fps)
Processing frame 680 (227.30 fps)
Processing frame 690 (227.08 fps)
Processing frame 700 (226.93 fps)
Processing frame 710 (226.77 fps)
Processing frame 720 (226.82 fps)
Processing frame 730 (226.87 fps)
Processing frame 740 (226.85 fps)
Processing frame 750 (226.88 fps)
Processing frame 760 (227.03 fps)
Processing frame 770 (227.04 fps)
Processing frame 780 (227.09 fps)
Processing frame 790 (227.12 fps)
Processing frame 800 (227.27 fps)
Processing frame 810 (227.34 fps)
Processing frame 820 (227.41 fps)
Processing frame 830 (227.47 fps)
Processing frame 840 (227.66 fps)
Processing frame 850 (227.84 fps)
Processing frame 860 (227.96 fps)
Processing frame 870 (228.08 fps)
Processing frame 880 (228.05 fps)
Processing frame 890 (228.04 fps)
Processing frame 900 (228.09 fps)
Processing frame 910 (228.01 fps)
Processing frame 920 (227.99 fps)
Processing frame 930 (227.99 fps)
Processing frame 940 (227.88 fps)
Processing frame 950 (227.73 fps)
Processing frame 960 (227.52 fps)
Processing frame 970 (227.33 fps)
Processing frame 980 (227.35 fps)
Processing frame 990 (227.42 fps)
Processing frame 1000 (227.44 fps)
Processing frame 1010 (227.49 fps)
Processing frame 1020 (227.51 fps)
Processing frame 1030 (227.56 fps)
Processing frame 1040 (227.61 fps)
Processing frame 1050 (227.69 fps)
Processing frame 1060 (227.74 fps)
Processing frame 1070 (227.91 fps)
Processing frame 1080 (228.01 fps)
Processing frame 1090 (227.97 fps)
Processing frame 1100 (227.88 fps)
Processing frame 1110 (227.92 fps)
Processing frame 1120 (227.96 fps)
Processing frame 1130 (228.03 fps)
Processing frame 1140 (228.08 fps)
Processing frame 1150 (228.14 fps)
Processing frame 1160 (228.22 fps)
Processing frame 1170 (228.23 fps)
Processing frame 1180 (228.25 fps)
Processing frame 1190 (228.22 fps)
Processing frame 1200 (228.20 fps)
Processing frame 1210 (228.19 fps)
Processing frame 1220 (228.13 fps)
Processing frame 1230 (228.12 fps)
Processing frame 1240 (228.06 fps)
save results to results/yolov10n_diffmot/dancetrack0028.txt
Processing frame 10 (269.25 fps)
Processing frame 20 (270.56 fps)
Processing frame 30 (269.82 fps)
Processing frame 40 (269.95 fps)
Processing frame 50 (269.21 fps)
Processing frame 60 (269.15 fps)
Processing frame 70 (268.20 fps)
Processing frame 80 (267.57 fps)
Processing frame 90 (267.12 fps)
Processing frame 100 (267.05 fps)
Processing frame 110 (266.50 fps)
Processing frame 120 (265.50 fps)
Processing frame 130 (264.47 fps)
Processing frame 140 (263.65 fps)
Processing frame 150 (263.24 fps)
Processing frame 160 (262.66 fps)
Processing frame 170 (262.44 fps)
Processing frame 180 (262.47 fps)
Processing frame 190 (262.52 fps)
Processing frame 200 (262.54 fps)
Processing frame 210 (262.38 fps)
Processing frame 220 (262.00 fps)
Processing frame 230 (261.50 fps)
Processing frame 240 (261.50 fps)
Processing frame 250 (261.39 fps)
Processing frame 260 (261.04 fps)
Processing frame 270 (260.86 fps)
Processing frame 280 (260.56 fps)
Processing frame 290 (260.29 fps)
Processing frame 300 (260.08 fps)
Processing frame 310 (259.91 fps)
Processing frame 320 (259.85 fps)
Processing frame 330 (259.80 fps)
Processing frame 340 (259.72 fps)
Processing frame 350 (259.59 fps)
Processing frame 360 (259.64 fps)
Processing frame 370 (259.75 fps)
Processing frame 380 (259.58 fps)
Processing frame 390 (259.41 fps)
Processing frame 400 (259.24 fps)
Processing frame 410 (259.12 fps)
Processing frame 420 (258.97 fps)
Processing frame 430 (258.85 fps)
Processing frame 440 (258.71 fps)
Processing frame 450 (258.55 fps)
Processing frame 460 (258.49 fps)
Processing frame 470 (258.39 fps)
Processing frame 480 (258.35 fps)
Processing frame 490 (258.42 fps)
Processing frame 500 (258.51 fps)
Processing frame 510 (258.57 fps)
Processing frame 520 (258.66 fps)
Processing frame 530 (258.71 fps)
Processing frame 540 (258.75 fps)
Processing frame 550 (258.81 fps)
Processing frame 560 (258.85 fps)
Processing frame 570 (258.92 fps)
Processing frame 580 (258.95 fps)
Processing frame 590 (258.98 fps)
Processing frame 600 (258.98 fps)
Processing frame 610 (258.95 fps)
Processing frame 620 (258.90 fps)
Processing frame 630 (258.86 fps)
Processing frame 640 (258.83 fps)
Processing frame 650 (258.79 fps)
Processing frame 660 (258.73 fps)
Processing frame 670 (258.68 fps)
Processing frame 680 (258.58 fps)
Processing frame 690 (258.39 fps)
Processing frame 700 (258.29 fps)
Processing frame 710 (258.20 fps)
Processing frame 720 (258.17 fps)
Processing frame 730 (258.15 fps)
Processing frame 740 (258.11 fps)
Processing frame 750 (258.04 fps)
Processing frame 760 (258.05 fps)
Processing frame 770 (258.03 fps)
Processing frame 780 (257.97 fps)
Processing frame 790 (257.84 fps)
Processing frame 800 (257.75 fps)
Processing frame 810 (257.67 fps)
Processing frame 820 (257.61 fps)
Processing frame 830 (257.51 fps)
Processing frame 840 (257.47 fps)
Processing frame 850 (257.42 fps)
Processing frame 860 (257.42 fps)
Processing frame 870 (257.34 fps)
Processing frame 880 (257.36 fps)
Processing frame 890 (257.28 fps)
Processing frame 900 (257.21 fps)
Processing frame 910 (257.14 fps)
Processing frame 920 (257.11 fps)
Processing frame 930 (257.08 fps)
Processing frame 940 (257.12 fps)
Processing frame 950 (257.21 fps)
Processing frame 960 (257.27 fps)
Processing frame 970 (257.34 fps)
Processing frame 980 (257.39 fps)
Processing frame 990 (257.48 fps)
Processing frame 1000 (257.55 fps)
Processing frame 1010 (257.64 fps)
Processing frame 1020 (257.75 fps)
Processing frame 1030 (257.82 fps)
Processing frame 1040 (257.88 fps)
Processing frame 1050 (257.94 fps)
Processing frame 1060 (258.01 fps)
Processing frame 1070 (258.06 fps)
Processing frame 1080 (258.11 fps)
Processing frame 1090 (258.14 fps)
Processing frame 1100 (258.14 fps)
Processing frame 1110 (258.15 fps)
Processing frame 1120 (258.17 fps)
Processing frame 1130 (258.16 fps)
Processing frame 1140 (258.11 fps)
Processing frame 1150 (258.09 fps)
Processing frame 1160 (258.09 fps)
Processing frame 1170 (258.09 fps)
Processing frame 1180 (258.12 fps)
Processing frame 1190 (258.12 fps)
Processing frame 1200 (258.15 fps)
save results to results/yolov10n_diffmot/dancetrack0031.txt
Processing frame 10 (241.64 fps)
Processing frame 20 (241.29 fps)
Processing frame 30 (240.00 fps)
Processing frame 40 (239.49 fps)
Processing frame 50 (238.59 fps)
Processing frame 60 (237.23 fps)
Processing frame 70 (235.78 fps)
Processing frame 80 (234.97 fps)
Processing frame 90 (234.32 fps)
Processing frame 100 (234.19 fps)
Processing frame 110 (233.80 fps)
Processing frame 120 (233.51 fps)
Processing frame 130 (233.24 fps)
Processing frame 140 (233.23 fps)
Processing frame 150 (232.97 fps)
Processing frame 160 (232.81 fps)
Processing frame 170 (232.88 fps)
Processing frame 180 (233.10 fps)
Processing frame 190 (233.22 fps)
Processing frame 200 (233.37 fps)
Processing frame 210 (233.58 fps)
Processing frame 220 (233.72 fps)
Processing frame 230 (234.00 fps)
Processing frame 240 (234.18 fps)
Processing frame 250 (234.31 fps)
Processing frame 260 (234.37 fps)
Processing frame 270 (234.34 fps)
Processing frame 280 (234.26 fps)
Processing frame 290 (233.89 fps)
Processing frame 300 (233.19 fps)
Processing frame 310 (232.62 fps)
Processing frame 320 (232.24 fps)
Processing frame 330 (232.01 fps)
Processing frame 340 (231.86 fps)
Processing frame 350 (231.72 fps)
Processing frame 360 (231.69 fps)
Processing frame 370 (231.60 fps)
Processing frame 380 (231.54 fps)
Processing frame 390 (231.48 fps)
Processing frame 400 (231.51 fps)
Processing frame 410 (231.44 fps)
Processing frame 420 (231.43 fps)
Processing frame 430 (231.48 fps)
Processing frame 440 (231.63 fps)
Processing frame 450 (232.05 fps)
Processing frame 460 (232.71 fps)
Processing frame 470 (233.38 fps)
Processing frame 480 (234.07 fps)
Processing frame 490 (234.70 fps)
Processing frame 500 (235.35 fps)
Processing frame 510 (235.92 fps)
Processing frame 520 (236.37 fps)
Processing frame 530 (236.87 fps)
Processing frame 540 (237.34 fps)
Processing frame 550 (237.76 fps)
Processing frame 560 (238.12 fps)
Processing frame 570 (238.45 fps)
Processing frame 580 (238.77 fps)
Processing frame 590 (238.99 fps)
Processing frame 600 (239.22 fps)
Processing frame 610 (239.49 fps)
Processing frame 620 (239.82 fps)
Processing frame 630 (240.03 fps)
Processing frame 640 (240.20 fps)
Processing frame 650 (240.35 fps)
Processing frame 660 (240.51 fps)
Processing frame 670 (240.70 fps)
Processing frame 680 (240.85 fps)
Processing frame 690 (241.05 fps)
Processing frame 700 (241.29 fps)
Processing frame 710 (241.46 fps)
Processing frame 720 (241.57 fps)
Processing frame 730 (241.65 fps)
Processing frame 740 (241.78 fps)
Processing frame 750 (241.98 fps)
Processing frame 760 (242.21 fps)
Processing frame 770 (242.47 fps)
Processing frame 780 (242.73 fps)
Processing frame 790 (242.98 fps)
Processing frame 800 (243.23 fps)
Processing frame 810 (243.47 fps)
Processing frame 820 (243.71 fps)
Processing frame 830 (243.95 fps)
Processing frame 840 (244.22 fps)
Processing frame 850 (244.47 fps)
Processing frame 860 (244.70 fps)
Processing frame 870 (244.95 fps)
Processing frame 880 (245.21 fps)
Processing frame 890 (245.46 fps)
Processing frame 900 (245.77 fps)
Processing frame 910 (246.11 fps)
Processing frame 920 (246.38 fps)
Processing frame 930 (246.57 fps)
Processing frame 940 (246.71 fps)
Processing frame 950 (246.83 fps)
Processing frame 960 (246.95 fps)
Processing frame 970 (247.02 fps)
Processing frame 980 (247.14 fps)
Processing frame 990 (247.22 fps)
Processing frame 1000 (247.24 fps)
Processing frame 1010 (247.32 fps)
Processing frame 1020 (247.49 fps)
Processing frame 1030 (247.62 fps)
Processing frame 1040 (247.79 fps)
Processing frame 1050 (247.93 fps)
Processing frame 1060 (248.08 fps)
Processing frame 1070 (248.24 fps)
Processing frame 1080 (248.44 fps)
Processing frame 1090 (248.69 fps)
Processing frame 1100 (248.96 fps)
Processing frame 1110 (249.20 fps)
Processing frame 1120 (249.44 fps)
Processing frame 1130 (249.66 fps)
Processing frame 1140 (249.84 fps)
Processing frame 1150 (249.94 fps)
Processing frame 1160 (250.03 fps)
Processing frame 1170 (250.10 fps)
Processing frame 1180 (250.13 fps)
Processing frame 1190 (250.20 fps)
Processing frame 1200 (250.27 fps)
save results to results/yolov10n_diffmot/dancetrack0036.txt
Processing frame 10 (266.88 fps)
Processing frame 20 (266.73 fps)
Processing frame 30 (265.43 fps)
Processing frame 40 (265.00 fps)
Processing frame 50 (264.86 fps)
Processing frame 60 (265.41 fps)
Processing frame 70 (265.98 fps)
Processing frame 80 (266.74 fps)
Processing frame 90 (266.95 fps)
Processing frame 100 (267.10 fps)
Processing frame 110 (267.16 fps)
Processing frame 120 (267.58 fps)
Processing frame 130 (268.05 fps)
Processing frame 140 (268.89 fps)
Processing frame 150 (270.47 fps)
Processing frame 160 (272.04 fps)
Processing frame 170 (273.08 fps)
Processing frame 180 (273.02 fps)
Processing frame 190 (273.20 fps)
Processing frame 200 (273.23 fps)
Processing frame 210 (273.28 fps)
Processing frame 220 (273.34 fps)
Processing frame 230 (273.17 fps)
Processing frame 240 (273.03 fps)
Processing frame 250 (272.82 fps)
Processing frame 260 (272.64 fps)
Processing frame 270 (272.41 fps)
Processing frame 280 (272.00 fps)
Processing frame 290 (271.42 fps)
Processing frame 300 (271.00 fps)
Processing frame 310 (270.67 fps)
Processing frame 320 (270.56 fps)
Processing frame 330 (270.32 fps)
Processing frame 340 (270.13 fps)
Processing frame 350 (269.92 fps)
Processing frame 360 (269.78 fps)
Processing frame 370 (269.71 fps)
Processing frame 380 (269.50 fps)
Processing frame 390 (269.44 fps)
Processing frame 400 (269.30 fps)
Processing frame 410 (269.29 fps)
Processing frame 420 (269.25 fps)
Processing frame 430 (269.14 fps)
Processing frame 440 (268.98 fps)
Processing frame 450 (268.80 fps)
Processing frame 460 (268.58 fps)
Processing frame 470 (268.11 fps)
Processing frame 480 (267.43 fps)
Processing frame 490 (266.68 fps)
Processing frame 500 (265.94 fps)
Processing frame 510 (265.38 fps)
Processing frame 520 (265.34 fps)
Processing frame 530 (265.29 fps)
Processing frame 540 (265.20 fps)
Processing frame 550 (265.15 fps)
Processing frame 560 (265.09 fps)
Processing frame 570 (265.05 fps)
Processing frame 580 (265.08 fps)
Processing frame 590 (265.19 fps)
Processing frame 600 (265.19 fps)
Processing frame 610 (265.22 fps)
Processing frame 620 (265.17 fps)
Processing frame 630 (265.16 fps)
Processing frame 640 (265.13 fps)
Processing frame 650 (265.06 fps)
Processing frame 660 (264.98 fps)
Processing frame 670 (264.93 fps)
Processing frame 680 (264.90 fps)
Processing frame 690 (264.84 fps)
Processing frame 700 (264.79 fps)
Processing frame 710 (264.84 fps)
Processing frame 720 (264.79 fps)
Processing frame 730 (264.70 fps)
Processing frame 740 (264.64 fps)
Processing frame 750 (264.60 fps)
Processing frame 760 (264.55 fps)
Processing frame 770 (264.57 fps)
Processing frame 780 (264.50 fps)
Processing frame 790 (264.42 fps)
Processing frame 800 (264.29 fps)
Processing frame 810 (264.19 fps)
Processing frame 820 (264.09 fps)
Processing frame 830 (263.97 fps)
Processing frame 840 (263.95 fps)
Processing frame 850 (263.93 fps)
Processing frame 860 (263.91 fps)
Processing frame 870 (263.90 fps)
Processing frame 880 (263.87 fps)
Processing frame 890 (263.82 fps)
Processing frame 900 (263.77 fps)
Processing frame 910 (263.77 fps)
Processing frame 920 (263.79 fps)
Processing frame 930 (263.81 fps)
Processing frame 940 (263.74 fps)
Processing frame 950 (263.71 fps)
Processing frame 960 (263.67 fps)
Processing frame 970 (263.71 fps)
Processing frame 980 (263.72 fps)
Processing frame 990 (263.74 fps)
Processing frame 1000 (263.77 fps)
Processing frame 1010 (263.75 fps)
Processing frame 1020 (263.71 fps)
Processing frame 1030 (263.69 fps)
Processing frame 1040 (263.68 fps)
Processing frame 1050 (263.67 fps)
Processing frame 1060 (263.68 fps)
Processing frame 1070 (263.72 fps)
Processing frame 1080 (263.73 fps)
Processing frame 1090 (263.72 fps)
Processing frame 1100 (263.70 fps)
Processing frame 1110 (263.71 fps)
Processing frame 1120 (263.74 fps)
Processing frame 1130 (263.73 fps)
Processing frame 1140 (263.75 fps)
Processing frame 1150 (263.76 fps)
Processing frame 1160 (263.76 fps)
Processing frame 1170 (263.77 fps)
Processing frame 1180 (263.79 fps)
Processing frame 1190 (263.80 fps)
Processing frame 1200 (263.82 fps)
save results to results/yolov10n_diffmot/dancetrack0038.txt
Processing frame 10 (242.62 fps)
Processing frame 20 (247.07 fps)
Processing frame 30 (248.33 fps)
Processing frame 40 (250.62 fps)
Processing frame 50 (251.77 fps)
Processing frame 60 (251.34 fps)
Processing frame 70 (250.84 fps)
Processing frame 80 (250.54 fps)
Processing frame 90 (250.01 fps)
Processing frame 100 (250.36 fps)
Processing frame 110 (250.74 fps)
Processing frame 120 (250.37 fps)
Processing frame 130 (250.32 fps)
Processing frame 140 (250.37 fps)
Processing frame 150 (250.32 fps)
Processing frame 160 (250.32 fps)
Processing frame 170 (250.44 fps)
Processing frame 180 (250.66 fps)
Processing frame 190 (251.18 fps)
Processing frame 200 (251.27 fps)
Processing frame 210 (251.09 fps)
Processing frame 220 (251.05 fps)
Processing frame 230 (250.77 fps)
Processing frame 240 (250.53 fps)
Processing frame 250 (250.33 fps)
Processing frame 260 (250.10 fps)
Processing frame 270 (249.94 fps)
Processing frame 280 (249.68 fps)
Processing frame 290 (249.64 fps)
Processing frame 300 (249.58 fps)
Processing frame 310 (249.56 fps)
Processing frame 320 (249.59 fps)
Processing frame 330 (249.59 fps)
Processing frame 340 (249.59 fps)
Processing frame 350 (249.54 fps)
Processing frame 360 (248.88 fps)
Processing frame 370 (248.10 fps)
Processing frame 380 (247.27 fps)
Processing frame 390 (246.51 fps)
Processing frame 400 (246.17 fps)
Processing frame 410 (245.96 fps)
Processing frame 420 (245.75 fps)
Processing frame 430 (245.67 fps)
Processing frame 440 (245.63 fps)
Processing frame 450 (245.61 fps)
Processing frame 460 (245.36 fps)
Processing frame 470 (245.13 fps)
Processing frame 480 (244.92 fps)
Processing frame 490 (244.78 fps)
Processing frame 500 (244.77 fps)
Processing frame 510 (244.68 fps)
Processing frame 520 (244.55 fps)
Processing frame 530 (244.37 fps)
Processing frame 540 (244.17 fps)
Processing frame 550 (243.96 fps)
Processing frame 560 (243.81 fps)
Processing frame 570 (243.63 fps)
Processing frame 580 (243.47 fps)
Processing frame 590 (243.36 fps)
Processing frame 600 (243.21 fps)
Processing frame 610 (243.20 fps)
Processing frame 620 (243.19 fps)
Processing frame 630 (243.15 fps)
Processing frame 640 (243.14 fps)
Processing frame 650 (243.17 fps)
Processing frame 660 (243.14 fps)
Processing frame 670 (243.13 fps)
Processing frame 680 (243.09 fps)
Processing frame 690 (243.07 fps)
Processing frame 700 (242.98 fps)
Processing frame 710 (242.77 fps)
Processing frame 720 (242.52 fps)
Processing frame 730 (242.24 fps)
Processing frame 740 (242.07 fps)
Processing frame 750 (241.96 fps)
Processing frame 760 (241.94 fps)
Processing frame 770 (241.94 fps)
Processing frame 780 (242.06 fps)
Processing frame 790 (242.13 fps)
Processing frame 800 (242.23 fps)
Processing frame 810 (242.28 fps)
Processing frame 820 (242.28 fps)
Processing frame 830 (242.23 fps)
Processing frame 840 (242.22 fps)
Processing frame 850 (242.24 fps)
Processing frame 860 (242.27 fps)
Processing frame 870 (242.34 fps)
Processing frame 880 (242.42 fps)
Processing frame 890 (242.57 fps)
Processing frame 900 (242.71 fps)
Processing frame 910 (242.82 fps)
Processing frame 920 (242.92 fps)
Processing frame 930 (242.93 fps)
Processing frame 940 (242.89 fps)
Processing frame 950 (242.88 fps)
Processing frame 960 (242.87 fps)
Processing frame 970 (242.85 fps)
Processing frame 980 (242.84 fps)
Processing frame 990 (242.83 fps)
Processing frame 1000 (242.85 fps)
Processing frame 1010 (242.88 fps)
Processing frame 1020 (242.87 fps)
Processing frame 1030 (242.90 fps)
Processing frame 1040 (242.92 fps)
Processing frame 1050 (242.93 fps)
Processing frame 1060 (242.94 fps)
Processing frame 1070 (242.97 fps)
Processing frame 1080 (243.04 fps)
Processing frame 1090 (243.13 fps)
Processing frame 1100 (243.25 fps)
Processing frame 1110 (243.23 fps)
Processing frame 1120 (243.19 fps)
Processing frame 1130 (243.17 fps)
Processing frame 1140 (243.11 fps)
Processing frame 1150 (243.04 fps)
Processing frame 1160 (242.93 fps)
Processing frame 1170 (242.86 fps)
Processing frame 1180 (242.85 fps)
Processing frame 1190 (242.84 fps)
Processing frame 1200 (242.86 fps)
Processing frame 1210 (242.88 fps)
Processing frame 1220 (242.89 fps)
Processing frame 1230 (242.92 fps)
Processing frame 1240 (242.95 fps)
Processing frame 1250 (242.98 fps)
Processing frame 1260 (243.00 fps)
Processing frame 1270 (243.07 fps)
Processing frame 1280 (243.17 fps)
save results to results/yolov10n_diffmot/dancetrack0040.txt
Processing frame 10 (17284.22 fps)
Processing frame 20 (22124.31 fps)
Processing frame 30 (1426.82 fps)
Processing frame 40 (709.28 fps)
Processing frame 50 (545.87 fps)
Processing frame 60 (502.43 fps)
Processing frame 70 (585.62 fps)
Processing frame 80 (668.70 fps)
Processing frame 90 (751.13 fps)
Processing frame 100 (705.49 fps)
Processing frame 110 (623.87 fps)
Processing frame 120 (563.36 fps)
Processing frame 130 (516.60 fps)
Processing frame 140 (480.35 fps)
Processing frame 150 (456.04 fps)
Processing frame 160 (436.24 fps)
Processing frame 170 (421.32 fps)
Processing frame 180 (409.90 fps)
Processing frame 190 (419.56 fps)
Processing frame 200 (441.40 fps)
Processing frame 210 (463.22 fps)
Processing frame 220 (484.98 fps)
Processing frame 230 (506.75 fps)
Processing frame 240 (528.50 fps)
Processing frame 250 (550.18 fps)
Processing frame 260 (571.43 fps)
Processing frame 270 (552.19 fps)
Processing frame 280 (533.42 fps)
Processing frame 290 (517.25 fps)
Processing frame 300 (503.56 fps)
Processing frame 310 (514.18 fps)
Processing frame 320 (530.48 fps)
Processing frame 330 (537.33 fps)
Processing frame 340 (522.32 fps)
Processing frame 350 (508.74 fps)
Processing frame 360 (496.20 fps)
Processing frame 370 (485.67 fps)
Processing frame 380 (475.47 fps)
Processing frame 390 (466.74 fps)
Processing frame 400 (459.79 fps)
Processing frame 410 (453.81 fps)
Processing frame 420 (447.16 fps)
Processing frame 430 (439.56 fps)
Processing frame 440 (433.56 fps)
Processing frame 450 (428.03 fps)
Processing frame 460 (423.08 fps)
Processing frame 470 (418.73 fps)
Processing frame 480 (414.80 fps)
Processing frame 490 (410.54 fps)
Processing frame 500 (406.42 fps)
Processing frame 510 (402.82 fps)
Processing frame 520 (399.17 fps)
Processing frame 530 (395.98 fps)
Processing frame 540 (393.03 fps)
Processing frame 550 (389.88 fps)
Processing frame 560 (387.30 fps)
Processing frame 570 (384.53 fps)
Processing frame 580 (381.66 fps)
Processing frame 590 (379.28 fps)
Processing frame 600 (376.96 fps)
Processing frame 610 (374.90 fps)
Processing frame 620 (373.32 fps)
Processing frame 630 (371.94 fps)
Processing frame 640 (370.56 fps)
Processing frame 650 (374.11 fps)
Processing frame 660 (379.79 fps)
Processing frame 670 (385.41 fps)
Processing frame 680 (387.23 fps)
Processing frame 690 (385.06 fps)
Processing frame 700 (382.80 fps)
Processing frame 710 (380.81 fps)
Processing frame 720 (378.71 fps)
Processing frame 730 (376.65 fps)
Processing frame 740 (374.88 fps)
Processing frame 750 (373.28 fps)
Processing frame 760 (371.27 fps)
Processing frame 770 (369.82 fps)
Processing frame 780 (368.42 fps)
Processing frame 790 (367.05 fps)
Processing frame 800 (371.63 fps)
save results to results/yolov10n_diffmot/dancetrack0042.txt
Processing frame 10 (293.28 fps)
Processing frame 20 (282.18 fps)
Processing frame 30 (273.88 fps)
Processing frame 40 (268.36 fps)
Processing frame 50 (266.63 fps)
Processing frame 60 (266.08 fps)
Processing frame 70 (266.24 fps)
Processing frame 80 (266.61 fps)
Processing frame 90 (266.46 fps)
Processing frame 100 (266.24 fps)
Processing frame 110 (265.34 fps)
Processing frame 120 (263.89 fps)
Processing frame 130 (262.39 fps)
Processing frame 140 (261.56 fps)
Processing frame 150 (260.41 fps)
Processing frame 160 (259.77 fps)
Processing frame 170 (259.09 fps)
Processing frame 180 (258.34 fps)
Processing frame 190 (257.93 fps)
Processing frame 200 (256.98 fps)
Processing frame 210 (256.46 fps)
Processing frame 220 (256.89 fps)
Processing frame 230 (257.73 fps)
Processing frame 240 (260.66 fps)
Processing frame 250 (268.14 fps)
Processing frame 260 (268.16 fps)
Processing frame 270 (267.97 fps)
Processing frame 280 (268.31 fps)
Processing frame 290 (268.29 fps)
Processing frame 300 (268.60 fps)
Processing frame 310 (269.02 fps)
Processing frame 320 (269.33 fps)
Processing frame 330 (269.67 fps)
Processing frame 340 (270.20 fps)
Processing frame 350 (270.72 fps)
Processing frame 360 (274.89 fps)
Processing frame 370 (282.47 fps)
Processing frame 380 (290.02 fps)
Processing frame 390 (297.53 fps)
Processing frame 400 (304.99 fps)
Processing frame 410 (305.58 fps)
Processing frame 420 (305.48 fps)
Processing frame 430 (305.33 fps)
Processing frame 440 (305.15 fps)
Processing frame 450 (305.04 fps)
Processing frame 460 (304.84 fps)
Processing frame 470 (309.37 fps)
Processing frame 480 (313.71 fps)
Processing frame 490 (313.42 fps)
Processing frame 500 (313.19 fps)
Processing frame 510 (313.46 fps)
Processing frame 520 (319.51 fps)
Processing frame 530 (325.58 fps)
Processing frame 540 (331.62 fps)
Processing frame 550 (337.68 fps)
Processing frame 560 (343.73 fps)
Processing frame 570 (349.79 fps)
Processing frame 580 (355.84 fps)
Processing frame 590 (361.88 fps)
Processing frame 600 (364.30 fps)
Processing frame 610 (362.11 fps)
Processing frame 620 (360.21 fps)
Processing frame 630 (358.28 fps)
Processing frame 640 (356.62 fps)
Processing frame 650 (354.96 fps)
Processing frame 660 (353.44 fps)
Processing frame 670 (351.25 fps)
Processing frame 680 (349.76 fps)
Processing frame 690 (348.39 fps)
Processing frame 700 (347.11 fps)
Processing frame 710 (346.26 fps)
Processing frame 720 (348.28 fps)
Processing frame 730 (353.07 fps)
Processing frame 740 (357.86 fps)
Processing frame 750 (362.63 fps)
Processing frame 760 (367.40 fps)
Processing frame 770 (372.18 fps)
Processing frame 780 (376.95 fps)
Processing frame 790 (381.73 fps)
Processing frame 800 (386.49 fps)
Processing frame 810 (391.25 fps)
Processing frame 820 (395.97 fps)
Processing frame 830 (399.28 fps)
Processing frame 840 (397.32 fps)
Processing frame 850 (394.84 fps)
Processing frame 860 (392.49 fps)
Processing frame 870 (390.26 fps)
Processing frame 880 (388.16 fps)
Processing frame 890 (386.22 fps)
Processing frame 900 (384.46 fps)
Processing frame 910 (382.64 fps)
Processing frame 920 (380.74 fps)
Processing frame 930 (378.92 fps)
Processing frame 940 (377.10 fps)
Processing frame 950 (375.27 fps)
Processing frame 960 (373.28 fps)
Processing frame 970 (371.24 fps)
Processing frame 980 (369.14 fps)
Processing frame 990 (366.92 fps)
Processing frame 1000 (364.78 fps)
save results to results/yolov10n_diffmot/dancetrack0046.txt
Processing frame 10 (249.37 fps)
Processing frame 20 (252.11 fps)
Processing frame 30 (252.20 fps)
Processing frame 40 (251.38 fps)
Processing frame 50 (251.04 fps)
Processing frame 60 (250.74 fps)
Processing frame 70 (250.92 fps)
Processing frame 80 (250.85 fps)
Processing frame 90 (251.13 fps)
Processing frame 100 (251.46 fps)
Processing frame 110 (250.98 fps)
Processing frame 120 (250.75 fps)
Processing frame 130 (250.65 fps)
Processing frame 140 (249.72 fps)
Processing frame 150 (249.57 fps)
Processing frame 160 (248.85 fps)
Processing frame 170 (248.10 fps)
Processing frame 180 (247.94 fps)
Processing frame 190 (247.97 fps)
Processing frame 200 (248.09 fps)
Processing frame 210 (248.32 fps)
Processing frame 220 (248.47 fps)
Processing frame 230 (248.59 fps)
Processing frame 240 (248.85 fps)
Processing frame 250 (249.21 fps)
Processing frame 260 (249.55 fps)
Processing frame 270 (249.85 fps)
Processing frame 280 (250.23 fps)
Processing frame 290 (250.61 fps)
Processing frame 300 (251.15 fps)
Processing frame 310 (251.84 fps)
Processing frame 320 (252.72 fps)
Processing frame 330 (253.56 fps)
Processing frame 340 (254.36 fps)
Processing frame 350 (255.11 fps)
Processing frame 360 (255.58 fps)
Processing frame 370 (256.00 fps)
Processing frame 380 (256.26 fps)
Processing frame 390 (256.40 fps)
Processing frame 400 (256.54 fps)
Processing frame 410 (256.79 fps)
Processing frame 420 (256.85 fps)
Processing frame 430 (256.91 fps)
Processing frame 440 (256.94 fps)
Processing frame 450 (256.98 fps)
Processing frame 460 (256.99 fps)
Processing frame 470 (257.07 fps)
Processing frame 480 (257.08 fps)
Processing frame 490 (257.16 fps)
Processing frame 500 (257.21 fps)
Processing frame 510 (257.23 fps)
Processing frame 520 (257.25 fps)
Processing frame 530 (257.39 fps)
Processing frame 540 (257.61 fps)
Processing frame 550 (257.88 fps)
Processing frame 560 (257.94 fps)
Processing frame 570 (257.90 fps)
Processing frame 580 (257.77 fps)
Processing frame 590 (257.61 fps)
Processing frame 600 (257.51 fps)
Processing frame 610 (257.48 fps)
Processing frame 620 (257.40 fps)
Processing frame 630 (257.23 fps)
Processing frame 640 (257.13 fps)
Processing frame 650 (257.14 fps)
Processing frame 660 (257.26 fps)
Processing frame 670 (257.27 fps)
Processing frame 680 (257.26 fps)
Processing frame 690 (257.28 fps)
Processing frame 700 (257.30 fps)
Processing frame 710 (257.32 fps)
Processing frame 720 (257.35 fps)
Processing frame 730 (257.37 fps)
Processing frame 740 (257.30 fps)
Processing frame 750 (257.34 fps)
Processing frame 760 (257.37 fps)
Processing frame 770 (257.46 fps)
Processing frame 780 (257.49 fps)
Processing frame 790 (257.45 fps)
Processing frame 800 (257.47 fps)
Processing frame 810 (257.48 fps)
Processing frame 820 (257.46 fps)
Processing frame 830 (257.45 fps)
Processing frame 840 (257.42 fps)
Processing frame 850 (257.40 fps)
Processing frame 860 (257.38 fps)
Processing frame 870 (257.37 fps)
Processing frame 880 (257.36 fps)
Processing frame 890 (257.30 fps)
Processing frame 900 (257.25 fps)
Processing frame 910 (257.16 fps)
Processing frame 920 (256.98 fps)
Processing frame 930 (256.76 fps)
Processing frame 940 (256.51 fps)
Processing frame 950 (256.34 fps)
Processing frame 960 (256.27 fps)
Processing frame 970 (256.11 fps)
Processing frame 980 (255.99 fps)
Processing frame 990 (255.81 fps)
Processing frame 1000 (255.55 fps)
Processing frame 1010 (255.32 fps)
Processing frame 1020 (255.22 fps)
Processing frame 1030 (255.09 fps)
Processing frame 1040 (255.10 fps)
Processing frame 1050 (255.13 fps)
Processing frame 1060 (255.16 fps)
Processing frame 1070 (255.22 fps)
Processing frame 1080 (255.23 fps)
Processing frame 1090 (255.26 fps)
Processing frame 1100 (255.28 fps)
Processing frame 1110 (255.26 fps)
Processing frame 1120 (255.25 fps)
Processing frame 1130 (255.28 fps)
Processing frame 1140 (255.27 fps)
Processing frame 1150 (255.34 fps)
Processing frame 1160 (255.40 fps)
Processing frame 1170 (255.47 fps)
Processing frame 1180 (255.51 fps)
Processing frame 1190 (255.52 fps)
Processing frame 1200 (255.52 fps)
save results to results/yolov10n_diffmot/dancetrack0048.txt
Processing frame 10 (258.90 fps)
Processing frame 20 (259.11 fps)
Processing frame 30 (257.81 fps)
Processing frame 40 (257.35 fps)
Processing frame 50 (255.87 fps)
Processing frame 60 (254.48 fps)
Processing frame 70 (253.10 fps)
Processing frame 80 (252.73 fps)
Processing frame 90 (252.87 fps)
Processing frame 100 (252.69 fps)
Processing frame 110 (252.43 fps)
Processing frame 120 (252.17 fps)
Processing frame 130 (252.35 fps)
Processing frame 140 (252.32 fps)
Processing frame 150 (252.26 fps)
Processing frame 160 (252.06 fps)
Processing frame 170 (251.98 fps)
Processing frame 180 (251.87 fps)
Processing frame 190 (251.93 fps)
Processing frame 200 (251.87 fps)
Processing frame 210 (251.59 fps)
Processing frame 220 (251.41 fps)
Processing frame 230 (251.29 fps)
Processing frame 240 (251.37 fps)
Processing frame 250 (251.35 fps)
Processing frame 260 (251.35 fps)
Processing frame 270 (251.45 fps)
Processing frame 280 (251.37 fps)
Processing frame 290 (251.32 fps)
Processing frame 300 (251.33 fps)
Processing frame 310 (251.18 fps)
Processing frame 320 (251.16 fps)
Processing frame 330 (251.13 fps)
Processing frame 340 (251.18 fps)
Processing frame 350 (251.31 fps)
Processing frame 360 (251.23 fps)
Processing frame 370 (250.96 fps)
Processing frame 380 (250.70 fps)
Processing frame 390 (250.53 fps)
Processing frame 400 (250.36 fps)
Processing frame 410 (250.20 fps)
Processing frame 420 (250.06 fps)
Processing frame 430 (249.92 fps)
Processing frame 440 (249.76 fps)
Processing frame 450 (249.83 fps)
Processing frame 460 (249.92 fps)
Processing frame 470 (250.23 fps)
Processing frame 480 (250.48 fps)
Processing frame 490 (250.59 fps)
Processing frame 500 (250.92 fps)
Processing frame 510 (251.08 fps)
Processing frame 520 (251.09 fps)
Processing frame 530 (251.25 fps)
Processing frame 540 (251.51 fps)
Processing frame 550 (251.71 fps)
Processing frame 560 (251.78 fps)
Processing frame 570 (251.88 fps)
Processing frame 580 (252.00 fps)
Processing frame 590 (252.10 fps)
Processing frame 600 (252.10 fps)
Processing frame 610 (252.07 fps)
Processing frame 620 (251.97 fps)
Processing frame 630 (251.94 fps)
Processing frame 640 (251.61 fps)
Processing frame 650 (251.31 fps)
Processing frame 660 (251.17 fps)
Processing frame 670 (251.11 fps)
Processing frame 680 (251.32 fps)
Processing frame 690 (251.33 fps)
Processing frame 700 (251.41 fps)
Processing frame 710 (251.32 fps)
Processing frame 720 (251.25 fps)
Processing frame 730 (251.12 fps)
Processing frame 740 (251.03 fps)
Processing frame 750 (251.10 fps)
Processing frame 760 (251.04 fps)
Processing frame 770 (251.11 fps)
Processing frame 780 (251.23 fps)
Processing frame 790 (251.13 fps)
Processing frame 800 (250.98 fps)
Processing frame 810 (250.87 fps)
Processing frame 820 (250.77 fps)
Processing frame 830 (250.71 fps)
Processing frame 840 (250.78 fps)
Processing frame 850 (250.83 fps)
Processing frame 860 (250.91 fps)
Processing frame 870 (250.99 fps)
Processing frame 880 (251.09 fps)
Processing frame 890 (251.16 fps)
Processing frame 900 (251.23 fps)
Processing frame 910 (251.29 fps)
Processing frame 920 (251.37 fps)
Processing frame 930 (251.35 fps)
Processing frame 940 (251.34 fps)
Processing frame 950 (251.42 fps)
Processing frame 960 (251.52 fps)
Processing frame 970 (251.53 fps)
Processing frame 980 (251.56 fps)
Processing frame 990 (251.48 fps)
Processing frame 1000 (251.28 fps)
Processing frame 1010 (251.04 fps)
Processing frame 1020 (250.81 fps)
Processing frame 1030 (250.61 fps)
Processing frame 1040 (250.51 fps)
Processing frame 1050 (250.25 fps)
Processing frame 1060 (250.01 fps)
Processing frame 1070 (249.80 fps)
Processing frame 1080 (249.57 fps)
Processing frame 1090 (249.40 fps)
Processing frame 1100 (249.22 fps)
Processing frame 1110 (249.11 fps)
Processing frame 1120 (249.04 fps)
Processing frame 1130 (249.08 fps)
Processing frame 1140 (249.11 fps)
Processing frame 1150 (249.05 fps)
Processing frame 1160 (248.93 fps)
Processing frame 1170 (248.84 fps)
Processing frame 1180 (248.73 fps)
Processing frame 1190 (248.61 fps)
Processing frame 1200 (248.53 fps)
save results to results/yolov10n_diffmot/dancetrack0050.txt
Processing frame 10 (266.19 fps)
Processing frame 20 (261.12 fps)
Processing frame 30 (259.93 fps)
Processing frame 40 (259.49 fps)
Processing frame 50 (259.46 fps)
Processing frame 60 (259.08 fps)
Processing frame 70 (259.26 fps)
Processing frame 80 (259.83 fps)
Processing frame 90 (259.80 fps)
Processing frame 100 (259.60 fps)
Processing frame 110 (259.04 fps)
Processing frame 120 (257.97 fps)
Processing frame 130 (257.13 fps)
Processing frame 140 (256.33 fps)
Processing frame 150 (255.97 fps)
Processing frame 160 (255.96 fps)
Processing frame 170 (256.08 fps)
Processing frame 180 (256.26 fps)
Processing frame 190 (256.25 fps)
Processing frame 200 (256.04 fps)
Processing frame 210 (256.28 fps)
Processing frame 220 (256.52 fps)
Processing frame 230 (256.69 fps)
Processing frame 240 (256.92 fps)
Processing frame 250 (257.13 fps)
Processing frame 260 (257.21 fps)
Processing frame 270 (257.15 fps)
Processing frame 280 (257.07 fps)
Processing frame 290 (256.45 fps)
Processing frame 300 (255.51 fps)
Processing frame 310 (254.58 fps)
Processing frame 320 (254.00 fps)
Processing frame 330 (253.73 fps)
Processing frame 340 (253.21 fps)
Processing frame 350 (252.72 fps)
Processing frame 360 (252.54 fps)
Processing frame 370 (252.34 fps)
Processing frame 380 (252.25 fps)
Processing frame 390 (252.21 fps)
Processing frame 400 (252.25 fps)
Processing frame 410 (252.12 fps)
Processing frame 420 (252.04 fps)
Processing frame 430 (252.17 fps)
Processing frame 440 (252.25 fps)
Processing frame 450 (252.14 fps)
Processing frame 460 (252.07 fps)
Processing frame 470 (251.71 fps)
Processing frame 480 (251.31 fps)
Processing frame 490 (250.97 fps)
Processing frame 500 (250.40 fps)
Processing frame 510 (249.96 fps)
Processing frame 520 (249.63 fps)
Processing frame 530 (249.41 fps)
Processing frame 540 (249.29 fps)
Processing frame 550 (249.15 fps)
Processing frame 560 (248.73 fps)
Processing frame 570 (248.22 fps)
Processing frame 580 (247.95 fps)
Processing frame 590 (247.50 fps)
Processing frame 600 (247.08 fps)
Processing frame 610 (247.15 fps)
Processing frame 620 (247.27 fps)
Processing frame 630 (247.44 fps)
Processing frame 640 (247.54 fps)
Processing frame 650 (247.66 fps)
Processing frame 660 (247.71 fps)
Processing frame 670 (247.74 fps)
Processing frame 680 (247.58 fps)
Processing frame 690 (247.32 fps)
Processing frame 700 (247.00 fps)
Processing frame 710 (246.76 fps)
Processing frame 720 (246.58 fps)
Processing frame 730 (246.31 fps)
Processing frame 740 (246.14 fps)
Processing frame 750 (246.01 fps)
Processing frame 760 (245.78 fps)
Processing frame 770 (245.60 fps)
Processing frame 780 (245.54 fps)
Processing frame 790 (245.47 fps)
Processing frame 800 (245.37 fps)
Processing frame 810 (245.37 fps)
Processing frame 820 (245.36 fps)
Processing frame 830 (245.39 fps)
Processing frame 840 (245.39 fps)
save results to results/yolov10n_diffmot/dancetrack0054.txt
Processing frame 10 (273.59 fps)
Processing frame 20 (264.35 fps)
Processing frame 30 (260.23 fps)
Processing frame 40 (260.68 fps)
Processing frame 50 (262.08 fps)
Processing frame 60 (260.36 fps)
Processing frame 70 (259.68 fps)
Processing frame 80 (260.01 fps)
Processing frame 90 (260.08 fps)
Processing frame 100 (260.11 fps)
Processing frame 110 (259.61 fps)
Processing frame 120 (259.46 fps)
Processing frame 130 (259.65 fps)
Processing frame 140 (259.40 fps)
Processing frame 150 (259.34 fps)
Processing frame 160 (259.40 fps)
Processing frame 170 (259.53 fps)
Processing frame 180 (259.56 fps)
Processing frame 190 (259.33 fps)
Processing frame 200 (259.11 fps)
Processing frame 210 (258.83 fps)
Processing frame 220 (258.83 fps)
Processing frame 230 (258.96 fps)
Processing frame 240 (258.93 fps)
Processing frame 250 (258.80 fps)
Processing frame 260 (258.65 fps)
Processing frame 270 (258.42 fps)
Processing frame 280 (258.32 fps)
Processing frame 290 (258.37 fps)
Processing frame 300 (258.53 fps)
Processing frame 310 (258.57 fps)
Processing frame 320 (258.63 fps)
Processing frame 330 (258.63 fps)
Processing frame 340 (258.78 fps)
Processing frame 350 (258.86 fps)
Processing frame 360 (258.97 fps)
Processing frame 370 (258.98 fps)
Processing frame 380 (258.98 fps)
Processing frame 390 (258.91 fps)
Processing frame 400 (258.87 fps)
Processing frame 410 (258.67 fps)
Processing frame 420 (258.57 fps)
Processing frame 430 (258.54 fps)
Processing frame 440 (258.40 fps)
Processing frame 450 (258.28 fps)
Processing frame 460 (258.16 fps)
Processing frame 470 (258.27 fps)
Processing frame 480 (258.25 fps)
Processing frame 490 (258.32 fps)
Processing frame 500 (258.36 fps)
Processing frame 510 (258.29 fps)
Processing frame 520 (258.37 fps)
Processing frame 530 (258.28 fps)
Processing frame 540 (258.35 fps)
Processing frame 550 (258.53 fps)
Processing frame 560 (258.79 fps)
Processing frame 570 (258.73 fps)
Processing frame 580 (258.79 fps)
Processing frame 590 (258.85 fps)
Processing frame 600 (258.79 fps)
Processing frame 610 (258.69 fps)
Processing frame 620 (258.63 fps)
Processing frame 630 (258.61 fps)
Processing frame 640 (258.63 fps)
Processing frame 650 (258.61 fps)
Processing frame 660 (258.60 fps)
Processing frame 670 (258.69 fps)
Processing frame 680 (258.72 fps)
Processing frame 690 (258.79 fps)
Processing frame 700 (258.88 fps)
Processing frame 710 (259.05 fps)
Processing frame 720 (258.97 fps)
Processing frame 730 (259.01 fps)
Processing frame 740 (258.95 fps)
Processing frame 750 (258.94 fps)
Processing frame 760 (258.88 fps)
Processing frame 770 (258.87 fps)
Processing frame 780 (258.82 fps)
Processing frame 790 (258.74 fps)
Processing frame 800 (258.68 fps)
Processing frame 810 (258.56 fps)
Processing frame 820 (258.48 fps)
Processing frame 830 (258.42 fps)
Processing frame 840 (258.36 fps)
Processing frame 850 (258.31 fps)
Processing frame 860 (258.25 fps)
Processing frame 870 (258.17 fps)
Processing frame 880 (258.18 fps)
Processing frame 890 (258.14 fps)
Processing frame 900 (258.04 fps)
Processing frame 910 (257.97 fps)
Processing frame 920 (257.98 fps)
Processing frame 930 (257.99 fps)
Processing frame 940 (257.99 fps)
Processing frame 950 (257.85 fps)
Processing frame 960 (257.66 fps)
Processing frame 970 (257.59 fps)
Processing frame 980 (257.55 fps)
Processing frame 990 (257.52 fps)
Processing frame 1000 (257.53 fps)
Processing frame 1010 (257.48 fps)
Processing frame 1020 (257.50 fps)
Processing frame 1030 (257.49 fps)
Processing frame 1040 (257.44 fps)
Processing frame 1050 (257.42 fps)
Processing frame 1060 (257.38 fps)
Processing frame 1070 (257.38 fps)
Processing frame 1080 (257.42 fps)
Processing frame 1090 (257.47 fps)
Processing frame 1100 (257.52 fps)
Processing frame 1110 (257.59 fps)
Processing frame 1120 (257.63 fps)
Processing frame 1130 (257.61 fps)
Processing frame 1140 (257.61 fps)
Processing frame 1150 (257.54 fps)
Processing frame 1160 (257.46 fps)
Processing frame 1170 (257.42 fps)
Processing frame 1180 (257.46 fps)
Processing frame 1190 (257.44 fps)
Processing frame 1200 (257.45 fps)
save results to results/yolov10n_diffmot/dancetrack0056.txt
Processing frame 10 (289.92 fps)
Processing frame 20 (288.59 fps)
Processing frame 30 (287.59 fps)
Processing frame 40 (285.11 fps)
Processing frame 50 (284.20 fps)
Processing frame 60 (280.48 fps)
Processing frame 70 (277.24 fps)
Processing frame 80 (275.57 fps)
Processing frame 90 (273.91 fps)
Processing frame 100 (271.93 fps)
Processing frame 110 (270.29 fps)
Processing frame 120 (268.75 fps)
Processing frame 130 (268.08 fps)
Processing frame 140 (266.91 fps)
Processing frame 150 (266.01 fps)
Processing frame 160 (265.37 fps)
Processing frame 170 (264.77 fps)
Processing frame 180 (264.30 fps)
Processing frame 190 (263.76 fps)
Processing frame 200 (263.61 fps)
Processing frame 210 (263.41 fps)
Processing frame 220 (263.19 fps)
Processing frame 230 (263.27 fps)
Processing frame 240 (263.49 fps)
Processing frame 250 (263.45 fps)
Processing frame 260 (263.32 fps)
Processing frame 270 (263.18 fps)
Processing frame 280 (263.06 fps)
Processing frame 290 (263.36 fps)
Processing frame 300 (263.65 fps)
Processing frame 310 (263.58 fps)
Processing frame 320 (263.56 fps)
Processing frame 330 (263.66 fps)
Processing frame 340 (263.69 fps)
Processing frame 350 (263.80 fps)
Processing frame 360 (263.57 fps)
Processing frame 370 (263.05 fps)
Processing frame 380 (262.43 fps)
Processing frame 390 (261.96 fps)
Processing frame 400 (261.54 fps)
Processing frame 410 (261.16 fps)
Processing frame 420 (260.76 fps)
Processing frame 430 (260.40 fps)
Processing frame 440 (260.03 fps)
Processing frame 450 (259.85 fps)
Processing frame 460 (259.76 fps)
Processing frame 470 (259.67 fps)
Processing frame 480 (259.45 fps)
Processing frame 490 (259.21 fps)
Processing frame 500 (258.87 fps)
Processing frame 510 (258.47 fps)
Processing frame 520 (258.15 fps)
Processing frame 530 (257.96 fps)
Processing frame 540 (257.87 fps)
Processing frame 550 (257.88 fps)
Processing frame 560 (257.82 fps)
Processing frame 570 (257.82 fps)
Processing frame 580 (257.84 fps)
Processing frame 590 (257.86 fps)
Processing frame 600 (257.79 fps)
Processing frame 610 (257.70 fps)
Processing frame 620 (257.80 fps)
Processing frame 630 (257.81 fps)
Processing frame 640 (258.03 fps)
Processing frame 650 (258.15 fps)
Processing frame 660 (258.20 fps)
Processing frame 670 (258.19 fps)
Processing frame 680 (258.18 fps)
Processing frame 690 (258.14 fps)
Processing frame 700 (258.13 fps)
Processing frame 710 (257.93 fps)
Processing frame 720 (257.63 fps)
Processing frame 730 (257.25 fps)
Processing frame 740 (256.96 fps)
Processing frame 750 (256.59 fps)
Processing frame 760 (256.33 fps)
Processing frame 770 (256.20 fps)
Processing frame 780 (256.07 fps)
Processing frame 790 (256.03 fps)
Processing frame 800 (256.05 fps)
Processing frame 810 (256.13 fps)
Processing frame 820 (256.22 fps)
Processing frame 830 (256.14 fps)
Processing frame 840 (256.14 fps)
Processing frame 850 (256.13 fps)
Processing frame 860 (256.07 fps)
Processing frame 870 (256.09 fps)
Processing frame 880 (256.09 fps)
Processing frame 890 (256.12 fps)
Processing frame 900 (256.15 fps)
Processing frame 910 (256.24 fps)
Processing frame 920 (256.30 fps)
Processing frame 930 (256.25 fps)
Processing frame 940 (256.23 fps)
Processing frame 950 (256.20 fps)
Processing frame 960 (256.18 fps)
Processing frame 970 (256.14 fps)
Processing frame 980 (256.07 fps)
Processing frame 990 (256.00 fps)
Processing frame 1000 (255.97 fps)
Processing frame 1010 (256.03 fps)
Processing frame 1020 (256.03 fps)
Processing frame 1030 (256.07 fps)
Processing frame 1040 (256.18 fps)
Processing frame 1050 (256.38 fps)
Processing frame 1060 (256.44 fps)
Processing frame 1070 (256.41 fps)
Processing frame 1080 (256.33 fps)
Processing frame 1090 (256.21 fps)
Processing frame 1100 (256.09 fps)
Processing frame 1110 (256.02 fps)
Processing frame 1120 (256.00 fps)
Processing frame 1130 (255.99 fps)
Processing frame 1140 (256.00 fps)
Processing frame 1150 (256.04 fps)
Processing frame 1160 (256.05 fps)
Processing frame 1170 (256.12 fps)
Processing frame 1180 (256.17 fps)
Processing frame 1190 (256.19 fps)
Processing frame 1200 (256.19 fps)
save results to results/yolov10n_diffmot/dancetrack0059.txt
Processing frame 10 (19794.83 fps)
Processing frame 20 (23661.45 fps)
Processing frame 30 (24622.43 fps)
Processing frame 40 (25531.12 fps)
Processing frame 50 (11581.25 fps)
Processing frame 60 (3687.99 fps)
Processing frame 70 (1296.82 fps)
Processing frame 80 (868.51 fps)
Processing frame 90 (691.04 fps)
Processing frame 100 (592.32 fps)
Processing frame 110 (530.80 fps)
Processing frame 120 (489.55 fps)
Processing frame 130 (459.46 fps)
Processing frame 140 (436.50 fps)
Processing frame 150 (418.26 fps)
Processing frame 160 (403.66 fps)
Processing frame 170 (391.04 fps)
Processing frame 180 (381.04 fps)
Processing frame 190 (372.25 fps)
Processing frame 200 (364.90 fps)
Processing frame 210 (358.30 fps)
Processing frame 220 (352.44 fps)
Processing frame 230 (347.44 fps)
Processing frame 240 (343.02 fps)
Processing frame 250 (338.72 fps)
Processing frame 260 (335.05 fps)
Processing frame 270 (331.67 fps)
Processing frame 280 (328.63 fps)
Processing frame 290 (325.64 fps)
Processing frame 300 (322.87 fps)
Processing frame 310 (320.34 fps)
Processing frame 320 (318.02 fps)
Processing frame 330 (315.88 fps)
Processing frame 340 (313.98 fps)
Processing frame 350 (312.31 fps)
Processing frame 360 (310.71 fps)
Processing frame 370 (309.29 fps)
Processing frame 380 (307.87 fps)
Processing frame 390 (306.47 fps)
Processing frame 400 (305.23 fps)
Processing frame 410 (303.95 fps)
Processing frame 420 (302.82 fps)
Processing frame 430 (301.79 fps)
Processing frame 440 (300.83 fps)
Processing frame 450 (299.91 fps)
Processing frame 460 (298.94 fps)
Processing frame 470 (298.07 fps)
Processing frame 480 (297.26 fps)
Processing frame 490 (296.38 fps)
Processing frame 500 (295.65 fps)
Processing frame 510 (294.91 fps)
Processing frame 520 (294.31 fps)
Processing frame 530 (293.67 fps)
Processing frame 540 (293.07 fps)
Processing frame 550 (292.47 fps)
Processing frame 560 (291.80 fps)
Processing frame 570 (291.20 fps)
Processing frame 580 (290.68 fps)
Processing frame 590 (290.17 fps)
Processing frame 600 (289.66 fps)
Processing frame 610 (289.12 fps)
Processing frame 620 (288.61 fps)
Processing frame 630 (288.23 fps)
Processing frame 640 (287.90 fps)
Processing frame 650 (287.52 fps)
Processing frame 660 (287.19 fps)
Processing frame 670 (286.88 fps)
Processing frame 680 (286.59 fps)
Processing frame 690 (286.31 fps)
Processing frame 700 (286.00 fps)
Processing frame 710 (285.72 fps)
Processing frame 720 (285.39 fps)
Processing frame 730 (284.75 fps)
Processing frame 740 (284.25 fps)
Processing frame 750 (283.75 fps)
Processing frame 760 (283.31 fps)
Processing frame 770 (282.81 fps)
Processing frame 780 (282.24 fps)
Processing frame 790 (281.58 fps)
Processing frame 800 (280.96 fps)
Processing frame 810 (280.35 fps)
Processing frame 820 (279.71 fps)
Processing frame 830 (279.16 fps)
Processing frame 840 (278.72 fps)
Processing frame 850 (278.28 fps)
Processing frame 860 (277.86 fps)
Processing frame 870 (277.45 fps)
Processing frame 880 (277.04 fps)
Processing frame 890 (276.52 fps)
Processing frame 900 (276.12 fps)
Processing frame 910 (275.72 fps)
Processing frame 920 (275.36 fps)
Processing frame 930 (275.02 fps)
Processing frame 940 (274.69 fps)
Processing frame 950 (274.37 fps)
Processing frame 960 (273.99 fps)
Processing frame 970 (273.65 fps)
Processing frame 980 (273.29 fps)
Processing frame 990 (273.04 fps)
Processing frame 1000 (272.75 fps)
Processing frame 1010 (272.38 fps)
Processing frame 1020 (272.06 fps)
Processing frame 1030 (271.76 fps)
Processing frame 1040 (271.48 fps)
Processing frame 1050 (271.25 fps)
Processing frame 1060 (271.00 fps)
Processing frame 1070 (270.78 fps)
Processing frame 1080 (270.46 fps)
Processing frame 1090 (270.17 fps)
Processing frame 1100 (269.89 fps)
Processing frame 1110 (269.60 fps)
Processing frame 1120 (269.31 fps)
Processing frame 1130 (269.01 fps)
Processing frame 1140 (268.76 fps)
Processing frame 1150 (268.50 fps)
Processing frame 1160 (268.29 fps)
Processing frame 1170 (268.11 fps)
Processing frame 1180 (267.85 fps)
Processing frame 1190 (267.53 fps)
Processing frame 1200 (267.20 fps)
save results to results/yolov10n_diffmot/dancetrack0060.txt
